This file contains any messages produced by compilers while
running configure, to aid debugging if configure makes a mistake.

It was created by configure, which was
generated by GNU Autoconf 2.69.  Invocation command line was

  $ ./configure 

## --------- ##
## Platform. ##
## --------- ##

hostname = psalinas-XPS
uname -m = x86_64
uname -r = 4.4.0-66-generic
uname -s = Linux
uname -v = #87-Ubuntu SMP Fri Mar 3 15:29:05 UTC 2017

/usr/bin/uname -p = unknown
/bin/uname -X     = unknown

/bin/arch              = unknown
/usr/bin/arch -k       = unknown
/usr/convex/getsysinfo = unknown
/usr/bin/hostinfo      = unknown
/bin/machine           = unknown
/usr/bin/oslevel       = unknown
/bin/universe          = unknown

PATH: /usr/local/sbin
PATH: /usr/local/bin
PATH: /usr/sbin
PATH: /usr/bin
PATH: /sbin
PATH: /bin
PATH: /usr/games
PATH: /usr/local/games
PATH: /snap/bin


## ----------- ##
## Core tests. ##
## ----------- ##

configure:2635: checking build system type
configure:2649: result: x86_64-unknown-linux-gnu
configure:2669: checking host system type
configure:2682: result: x86_64-unknown-linux-gnu
configure:2704: *** Fishing for legacy fortran compiler.
configure:2812: checking for Fortran 77 compiler version
configure:2821: gfortran --version >&5
GNU Fortran (Ubuntu 5.4.0-6ubuntu1~16.04.4) 5.4.0 20160609
Copyright (C) 2015 Free Software Foundation, Inc.

GNU Fortran comes with NO WARRANTY, to the extent permitted by law.
You may redistribute copies of GNU Fortran
under the terms of the GNU General Public License.
For more information about these matters, see the file named COPYING

configure:2832: $? = 0
configure:2821: gfortran -v >&5
Using built-in specs.
COLLECT_GCC=gfortran
COLLECT_LTO_WRAPPER=/usr/lib/gcc/x86_64-linux-gnu/5/lto-wrapper
Target: x86_64-linux-gnu
Configured with: ../src/configure -v --with-pkgversion='Ubuntu 5.4.0-6ubuntu1~16.04.4' --with-bugurl=file:///usr/share/doc/gcc-5/README.Bugs --enable-languages=c,ada,c++,java,go,d,fortran,objc,obj-c++ --prefix=/usr --program-suffix=-5 --enable-shared --enable-linker-build-id --libexecdir=/usr/lib --without-included-gettext --enable-threads=posix --libdir=/usr/lib --enable-nls --with-sysroot=/ --enable-clocale=gnu --enable-libstdcxx-debug --enable-libstdcxx-time=yes --with-default-libstdcxx-abi=new --enable-gnu-unique-object --disable-vtable-verify --enable-libmpx --enable-plugin --with-system-zlib --disable-browser-plugin --enable-java-awt=gtk --enable-gtk-cairo --with-java-home=/usr/lib/jvm/java-1.5.0-gcj-5-amd64/jre --enable-java-home --with-jvm-root-dir=/usr/lib/jvm/java-1.5.0-gcj-5-amd64 --with-jvm-jar-dir=/usr/lib/jvm-exports/java-1.5.0-gcj-5-amd64 --with-arch-directory=amd64 --with-ecj-jar=/usr/share/java/eclipse-ecj.jar --enable-objc-gc --enable-multiarch --disable-werror --with-arch-32=i686 --with-abi=m64 --with-multilib-list=m32,m64,mx32 --enable-multilib --with-tune=generic --enable-checking=release --build=x86_64-linux-gnu --host=x86_64-linux-gnu --target=x86_64-linux-gnu
Thread model: posix
gcc version 5.4.0 20160609 (Ubuntu 5.4.0-6ubuntu1~16.04.4) 
configure:2832: $? = 0
configure:2821: gfortran -V >&5
gfortran: error: unrecognized command line option '-V'
gfortran: fatal error: no input files
compilation terminated.
configure:2832: $? = 1
configure:2821: gfortran -qversion >&5
gfortran: error: unrecognized command line option '-qversion'
gfortran: fatal error: no input files
compilation terminated.
configure:2832: $? = 1
configure:2847: checking whether the Fortran 77 compiler works
configure:2869: gfortran     conftest.f  >&5
configure:2873: $? = 0
configure:2921: result: yes
configure:2924: checking for Fortran 77 compiler default output file name
configure:2926: result: a.out
configure:2932: checking for suffix of executables
configure:2939: gfortran -o conftest     conftest.f  >&5
configure:2943: $? = 0
configure:2965: result: 
configure:2981: checking whether we are cross compiling
configure:2989: gfortran -o conftest     conftest.f  >&5
configure:2993: $? = 0
configure:3000: ./conftest
configure:3004: $? = 0
configure:3019: result: no
configure:3024: checking for suffix of object files
configure:3040: gfortran -c    conftest.f >&5
configure:3044: $? = 0
configure:3065: result: o
configure:3073: checking whether we are using the GNU Fortran 77 compiler
configure:3086: gfortran -c    conftest.F >&5
configure:3086: $? = 0
configure:3095: result: yes
configure:3101: checking whether gfortran accepts -g
configure:3112: gfortran -c -g conftest.f >&5
configure:3112: $? = 0
configure:3120: result: yes
configure:3154: checking how to get verbose linking output from gfortran
configure:3164: gfortran -c    conftest.f >&5
configure:3164: $? = 0
configure:3182: gfortran -o conftest -v conftest.f
Using built-in specs.
Target: x86_64-linux-gnu
Thread model: posix
gcc version 5.4.0 20160609 (Ubuntu 5.4.0-6ubuntu1~16.04.4) 
 /usr/lib/gcc/x86_64-linux-gnu/5/f951 conftest.f -ffixed-form -quiet -dumpbase conftest.f -mtune=generic -march=x86-64 -auxbase conftest -version -fintrinsic-modules-path /usr/lib/gcc/x86_64-linux-gnu/5/finclude -o /tmp/ccvkiLnD.s
GNU Fortran (Ubuntu 5.4.0-6ubuntu1~16.04.4) version 5.4.0 20160609 (x86_64-linux-gnu)
	compiled by GNU C version 5.4.0 20160609, GMP version 6.1.0, MPFR version 3.1.4, MPC version 1.0.3
GGC heuristics: --param ggc-min-expand=100 --param ggc-min-heapsize=131072
GNU Fortran2008 (Ubuntu 5.4.0-6ubuntu1~16.04.4) version 5.4.0 20160609 (x86_64-linux-gnu)
	compiled by GNU C version 5.4.0 20160609, GMP version 6.1.0, MPFR version 3.1.4, MPC version 1.0.3
GGC heuristics: --param ggc-min-expand=100 --param ggc-min-heapsize=131072
 as -v --64 -o /tmp/ccQOKPCY.o /tmp/ccvkiLnD.s
GNU assembler version 2.26.1 (x86_64-linux-gnu) using BFD version (GNU Binutils for Ubuntu) 2.26.1
Reading specs from /usr/lib/gcc/x86_64-linux-gnu/5/libgfortran.spec
rename spec lib to liborig
 /usr/lib/gcc/x86_64-linux-gnu/5/collect2 -plugin /usr/lib/gcc/x86_64-linux-gnu/5/liblto_plugin.so -plugin-opt=/usr/lib/gcc/x86_64-linux-gnu/5/lto-wrapper -plugin-opt=-fresolution=/tmp/ccnUJuSj.res -plugin-opt=-pass-through=-lgcc_s -plugin-opt=-pass-through=-lgcc -plugin-opt=-pass-through=-lquadmath -plugin-opt=-pass-through=-lm -plugin-opt=-pass-through=-lgcc_s -plugin-opt=-pass-through=-lgcc -plugin-opt=-pass-through=-lc -plugin-opt=-pass-through=-lgcc_s -plugin-opt=-pass-through=-lgcc --sysroot=/ --build-id --eh-frame-hdr -m elf_x86_64 --hash-style=gnu --as-needed -dynamic-linker /lib64/ld-linux-x86-64.so.2 -z relro -o conftest /usr/lib/gcc/x86_64-linux-gnu/5/../../../x86_64-linux-gnu/crt1.o /usr/lib/gcc/x86_64-linux-gnu/5/../../../x86_64-linux-gnu/crti.o /usr/lib/gcc/x86_64-linux-gnu/5/crtbegin.o -L/usr/lib/gcc/x86_64-linux-gnu/5 -L/usr/lib/gcc/x86_64-linux-gnu/5/../../../x86_64-linux-gnu -L/usr/lib/gcc/x86_64-linux-gnu/5/../../../../lib -L/lib/x86_64-linux-gnu -L/lib/../lib -L/usr/lib/x86_64-linux-gnu -L/usr/lib/../lib -L/usr/lib/gcc/x86_64-linux-gnu/5/../../.. /tmp/ccQOKPCY.o -lgfortran -lm -lgcc_s -lgcc -lquadmath -lm -lgcc_s -lgcc -lc -lgcc_s -lgcc /usr/lib/gcc/x86_64-linux-gnu/5/crtend.o /usr/lib/gcc/x86_64-linux-gnu/5/../../../x86_64-linux-gnu/crtn.o
configure:3265: result: -v
configure:3267: checking for Fortran 77 libraries of gfortran
configure:3290: gfortran -o conftest -v conftest.f
Using built-in specs.
Target: x86_64-linux-gnu
Thread model: posix
gcc version 5.4.0 20160609 (Ubuntu 5.4.0-6ubuntu1~16.04.4) 
 /usr/lib/gcc/x86_64-linux-gnu/5/f951 conftest.f -ffixed-form -quiet -dumpbase conftest.f -mtune=generic -march=x86-64 -auxbase conftest -version -fintrinsic-modules-path /usr/lib/gcc/x86_64-linux-gnu/5/finclude -o /tmp/cca3KwtI.s
GNU Fortran (Ubuntu 5.4.0-6ubuntu1~16.04.4) version 5.4.0 20160609 (x86_64-linux-gnu)
	compiled by GNU C version 5.4.0 20160609, GMP version 6.1.0, MPFR version 3.1.4, MPC version 1.0.3
GGC heuristics: --param ggc-min-expand=100 --param ggc-min-heapsize=131072
GNU Fortran2008 (Ubuntu 5.4.0-6ubuntu1~16.04.4) version 5.4.0 20160609 (x86_64-linux-gnu)
	compiled by GNU C version 5.4.0 20160609, GMP version 6.1.0, MPFR version 3.1.4, MPC version 1.0.3
GGC heuristics: --param ggc-min-expand=100 --param ggc-min-heapsize=131072
 as -v --64 -o /tmp/ccyUOqP3.o /tmp/cca3KwtI.s
GNU assembler version 2.26.1 (x86_64-linux-gnu) using BFD version (GNU Binutils for Ubuntu) 2.26.1
Reading specs from /usr/lib/gcc/x86_64-linux-gnu/5/libgfortran.spec
rename spec lib to liborig
 /usr/lib/gcc/x86_64-linux-gnu/5/collect2 -plugin /usr/lib/gcc/x86_64-linux-gnu/5/liblto_plugin.so -plugin-opt=/usr/lib/gcc/x86_64-linux-gnu/5/lto-wrapper -plugin-opt=-fresolution=/tmp/ccCkmTbp.res -plugin-opt=-pass-through=-lgcc_s -plugin-opt=-pass-through=-lgcc -plugin-opt=-pass-through=-lquadmath -plugin-opt=-pass-through=-lm -plugin-opt=-pass-through=-lgcc_s -plugin-opt=-pass-through=-lgcc -plugin-opt=-pass-through=-lc -plugin-opt=-pass-through=-lgcc_s -plugin-opt=-pass-through=-lgcc --sysroot=/ --build-id --eh-frame-hdr -m elf_x86_64 --hash-style=gnu --as-needed -dynamic-linker /lib64/ld-linux-x86-64.so.2 -z relro -o conftest /usr/lib/gcc/x86_64-linux-gnu/5/../../../x86_64-linux-gnu/crt1.o /usr/lib/gcc/x86_64-linux-gnu/5/../../../x86_64-linux-gnu/crti.o /usr/lib/gcc/x86_64-linux-gnu/5/crtbegin.o -L/usr/lib/gcc/x86_64-linux-gnu/5 -L/usr/lib/gcc/x86_64-linux-gnu/5/../../../x86_64-linux-gnu -L/usr/lib/gcc/x86_64-linux-gnu/5/../../../../lib -L/lib/x86_64-linux-gnu -L/lib/../lib -L/usr/lib/x86_64-linux-gnu -L/usr/lib/../lib -L/usr/lib/gcc/x86_64-linux-gnu/5/../../.. /tmp/ccyUOqP3.o -lgfortran -lm -lgcc_s -lgcc -lquadmath -lm -lgcc_s -lgcc -lc -lgcc_s -lgcc /usr/lib/gcc/x86_64-linux-gnu/5/crtend.o /usr/lib/gcc/x86_64-linux-gnu/5/../../../x86_64-linux-gnu/crtn.o
configure:3486: result:  -L/usr/lib/gcc/x86_64-linux-gnu/5 -L/usr/lib/gcc/x86_64-linux-gnu/5/../../../x86_64-linux-gnu -L/usr/lib/gcc/x86_64-linux-gnu/5/../../../../lib -L/lib/x86_64-linux-gnu -L/lib/../lib -L/usr/lib/x86_64-linux-gnu -L/usr/lib/../lib -L/usr/lib/gcc/x86_64-linux-gnu/5/../../.. -lgfortran -lm -lquadmath
configure:3499: *** Fishing for modern Fortran compiler
configure:3607: checking for Fortran compiler version
configure:3616: gfortran --version >&5
GNU Fortran (Ubuntu 5.4.0-6ubuntu1~16.04.4) 5.4.0 20160609
Copyright (C) 2015 Free Software Foundation, Inc.

GNU Fortran comes with NO WARRANTY, to the extent permitted by law.
You may redistribute copies of GNU Fortran
under the terms of the GNU General Public License.
For more information about these matters, see the file named COPYING

configure:3627: $? = 0
configure:3616: gfortran -v >&5
Using built-in specs.
COLLECT_GCC=gfortran
COLLECT_LTO_WRAPPER=/usr/lib/gcc/x86_64-linux-gnu/5/lto-wrapper
Target: x86_64-linux-gnu
Configured with: ../src/configure -v --with-pkgversion='Ubuntu 5.4.0-6ubuntu1~16.04.4' --with-bugurl=file:///usr/share/doc/gcc-5/README.Bugs --enable-languages=c,ada,c++,java,go,d,fortran,objc,obj-c++ --prefix=/usr --program-suffix=-5 --enable-shared --enable-linker-build-id --libexecdir=/usr/lib --without-included-gettext --enable-threads=posix --libdir=/usr/lib --enable-nls --with-sysroot=/ --enable-clocale=gnu --enable-libstdcxx-debug --enable-libstdcxx-time=yes --with-default-libstdcxx-abi=new --enable-gnu-unique-object --disable-vtable-verify --enable-libmpx --enable-plugin --with-system-zlib --disable-browser-plugin --enable-java-awt=gtk --enable-gtk-cairo --with-java-home=/usr/lib/jvm/java-1.5.0-gcj-5-amd64/jre --enable-java-home --with-jvm-root-dir=/usr/lib/jvm/java-1.5.0-gcj-5-amd64 --with-jvm-jar-dir=/usr/lib/jvm-exports/java-1.5.0-gcj-5-amd64 --with-arch-directory=amd64 --with-ecj-jar=/usr/share/java/eclipse-ecj.jar --enable-objc-gc --enable-multiarch --disable-werror --with-arch-32=i686 --with-abi=m64 --with-multilib-list=m32,m64,mx32 --enable-multilib --with-tune=generic --enable-checking=release --build=x86_64-linux-gnu --host=x86_64-linux-gnu --target=x86_64-linux-gnu
Thread model: posix
gcc version 5.4.0 20160609 (Ubuntu 5.4.0-6ubuntu1~16.04.4) 
configure:3627: $? = 0
configure:3616: gfortran -V >&5
gfortran: error: unrecognized command line option '-V'
gfortran: fatal error: no input files
compilation terminated.
configure:3627: $? = 1
configure:3616: gfortran -qversion >&5
gfortran: error: unrecognized command line option '-qversion'
gfortran: fatal error: no input files
compilation terminated.
configure:3627: $? = 1
configure:3636: checking whether we are using the GNU Fortran compiler
configure:3649: gfortran -c     conftest.F >&5
configure:3649: $? = 0
configure:3658: result: yes
configure:3664: checking whether gfortran accepts -g
configure:3675: gfortran -c -g  conftest.f >&5
configure:3675: $? = 0
configure:3683: result: yes
configure:3717: checking how to get verbose linking output from gfortran
configure:3727: gfortran -c     conftest.f >&5
configure:3727: $? = 0
configure:3745: gfortran -o conftest -v conftest.f
Using built-in specs.
Target: x86_64-linux-gnu
Thread model: posix
gcc version 5.4.0 20160609 (Ubuntu 5.4.0-6ubuntu1~16.04.4) 
 /usr/lib/gcc/x86_64-linux-gnu/5/f951 conftest.f -ffixed-form -quiet -dumpbase conftest.f -mtune=generic -march=x86-64 -auxbase conftest -version -fintrinsic-modules-path /usr/lib/gcc/x86_64-linux-gnu/5/finclude -o /tmp/cc5WFPZO.s
GNU Fortran (Ubuntu 5.4.0-6ubuntu1~16.04.4) version 5.4.0 20160609 (x86_64-linux-gnu)
	compiled by GNU C version 5.4.0 20160609, GMP version 6.1.0, MPFR version 3.1.4, MPC version 1.0.3
GGC heuristics: --param ggc-min-expand=100 --param ggc-min-heapsize=131072
GNU Fortran2008 (Ubuntu 5.4.0-6ubuntu1~16.04.4) version 5.4.0 20160609 (x86_64-linux-gnu)
	compiled by GNU C version 5.4.0 20160609, GMP version 6.1.0, MPFR version 3.1.4, MPC version 1.0.3
GGC heuristics: --param ggc-min-expand=100 --param ggc-min-heapsize=131072
 as -v --64 -o /tmp/ccW9iJBa.o /tmp/cc5WFPZO.s
GNU assembler version 2.26.1 (x86_64-linux-gnu) using BFD version (GNU Binutils for Ubuntu) 2.26.1
Reading specs from /usr/lib/gcc/x86_64-linux-gnu/5/libgfortran.spec
rename spec lib to liborig
 /usr/lib/gcc/x86_64-linux-gnu/5/collect2 -plugin /usr/lib/gcc/x86_64-linux-gnu/5/liblto_plugin.so -plugin-opt=/usr/lib/gcc/x86_64-linux-gnu/5/lto-wrapper -plugin-opt=-fresolution=/tmp/cclU99dw.res -plugin-opt=-pass-through=-lgcc_s -plugin-opt=-pass-through=-lgcc -plugin-opt=-pass-through=-lquadmath -plugin-opt=-pass-through=-lm -plugin-opt=-pass-through=-lgcc_s -plugin-opt=-pass-through=-lgcc -plugin-opt=-pass-through=-lc -plugin-opt=-pass-through=-lgcc_s -plugin-opt=-pass-through=-lgcc --sysroot=/ --build-id --eh-frame-hdr -m elf_x86_64 --hash-style=gnu --as-needed -dynamic-linker /lib64/ld-linux-x86-64.so.2 -z relro -o conftest /usr/lib/gcc/x86_64-linux-gnu/5/../../../x86_64-linux-gnu/crt1.o /usr/lib/gcc/x86_64-linux-gnu/5/../../../x86_64-linux-gnu/crti.o /usr/lib/gcc/x86_64-linux-gnu/5/crtbegin.o -L/usr/lib/gcc/x86_64-linux-gnu/5 -L/usr/lib/gcc/x86_64-linux-gnu/5/../../../x86_64-linux-gnu -L/usr/lib/gcc/x86_64-linux-gnu/5/../../../../lib -L/lib/x86_64-linux-gnu -L/lib/../lib -L/usr/lib/x86_64-linux-gnu -L/usr/lib/../lib -L/usr/lib/gcc/x86_64-linux-gnu/5/../../.. /tmp/ccW9iJBa.o -lgfortran -lm -lgcc_s -lgcc -lquadmath -lm -lgcc_s -lgcc -lc -lgcc_s -lgcc /usr/lib/gcc/x86_64-linux-gnu/5/crtend.o /usr/lib/gcc/x86_64-linux-gnu/5/../../../x86_64-linux-gnu/crtn.o
configure:3828: result: -v
configure:3830: checking for Fortran libraries of gfortran
configure:3853: gfortran -o conftest -v conftest.f
Using built-in specs.
Target: x86_64-linux-gnu
Thread model: posix
gcc version 5.4.0 20160609 (Ubuntu 5.4.0-6ubuntu1~16.04.4) 
 /usr/lib/gcc/x86_64-linux-gnu/5/f951 conftest.f -ffixed-form -quiet -dumpbase conftest.f -mtune=generic -march=x86-64 -auxbase conftest -version -fintrinsic-modules-path /usr/lib/gcc/x86_64-linux-gnu/5/finclude -o /tmp/ccGcMEXQ.s
GNU Fortran (Ubuntu 5.4.0-6ubuntu1~16.04.4) version 5.4.0 20160609 (x86_64-linux-gnu)
	compiled by GNU C version 5.4.0 20160609, GMP version 6.1.0, MPFR version 3.1.4, MPC version 1.0.3
GGC heuristics: --param ggc-min-expand=100 --param ggc-min-heapsize=131072
GNU Fortran2008 (Ubuntu 5.4.0-6ubuntu1~16.04.4) version 5.4.0 20160609 (x86_64-linux-gnu)
	compiled by GNU C version 5.4.0 20160609, GMP version 6.1.0, MPFR version 3.1.4, MPC version 1.0.3
GGC heuristics: --param ggc-min-expand=100 --param ggc-min-heapsize=131072
 as -v --64 -o /tmp/cccJUiFc.o /tmp/ccGcMEXQ.s
GNU assembler version 2.26.1 (x86_64-linux-gnu) using BFD version (GNU Binutils for Ubuntu) 2.26.1
Reading specs from /usr/lib/gcc/x86_64-linux-gnu/5/libgfortran.spec
rename spec lib to liborig
 /usr/lib/gcc/x86_64-linux-gnu/5/collect2 -plugin /usr/lib/gcc/x86_64-linux-gnu/5/liblto_plugin.so -plugin-opt=/usr/lib/gcc/x86_64-linux-gnu/5/lto-wrapper -plugin-opt=-fresolution=/tmp/ccSo0sny.res -plugin-opt=-pass-through=-lgcc_s -plugin-opt=-pass-through=-lgcc -plugin-opt=-pass-through=-lquadmath -plugin-opt=-pass-through=-lm -plugin-opt=-pass-through=-lgcc_s -plugin-opt=-pass-through=-lgcc -plugin-opt=-pass-through=-lc -plugin-opt=-pass-through=-lgcc_s -plugin-opt=-pass-through=-lgcc --sysroot=/ --build-id --eh-frame-hdr -m elf_x86_64 --hash-style=gnu --as-needed -dynamic-linker /lib64/ld-linux-x86-64.so.2 -z relro -o conftest /usr/lib/gcc/x86_64-linux-gnu/5/../../../x86_64-linux-gnu/crt1.o /usr/lib/gcc/x86_64-linux-gnu/5/../../../x86_64-linux-gnu/crti.o /usr/lib/gcc/x86_64-linux-gnu/5/crtbegin.o -L/usr/lib/gcc/x86_64-linux-gnu/5 -L/usr/lib/gcc/x86_64-linux-gnu/5/../../../x86_64-linux-gnu -L/usr/lib/gcc/x86_64-linux-gnu/5/../../../../lib -L/lib/x86_64-linux-gnu -L/lib/../lib -L/usr/lib/x86_64-linux-gnu -L/usr/lib/../lib -L/usr/lib/gcc/x86_64-linux-gnu/5/../../.. /tmp/cccJUiFc.o -lgfortran -lm -lgcc_s -lgcc -lquadmath -lm -lgcc_s -lgcc -lc -lgcc_s -lgcc /usr/lib/gcc/x86_64-linux-gnu/5/crtend.o /usr/lib/gcc/x86_64-linux-gnu/5/../../../x86_64-linux-gnu/crtn.o
configure:4049: result:  -L/usr/lib/gcc/x86_64-linux-gnu/5 -L/usr/lib/gcc/x86_64-linux-gnu/5/../../../x86_64-linux-gnu -L/usr/lib/gcc/x86_64-linux-gnu/5/../../../../lib -L/lib/x86_64-linux-gnu -L/lib/../lib -L/usr/lib/x86_64-linux-gnu -L/usr/lib/../lib -L/usr/lib/gcc/x86_64-linux-gnu/5/../../.. -lgfortran -lm -lquadmath
configure:4072: *** Assuming that gfortran can process both free and fixed form fortran files.
configure:4134: checking for icc
configure:4164: result: no
configure:4134: checking for ecc
configure:4164: result: no
configure:4134: checking for suncc
configure:4164: result: no
configure:4134: checking for pgcc
configure:4164: result: no
configure:4134: checking for gcc
configure:4150: found /usr/bin/gcc
configure:4161: result: gcc
configure:4192: checking for C compiler version
configure:4201: gcc --version >&5
gcc (Ubuntu 5.4.0-6ubuntu1~16.04.4) 5.4.0 20160609
Copyright (C) 2015 Free Software Foundation, Inc.
This is free software; see the source for copying conditions.  There is NO
warranty; not even for MERCHANTABILITY or FITNESS FOR A PARTICULAR PURPOSE.

configure:4212: $? = 0
configure:4201: gcc -v >&5
Using built-in specs.
COLLECT_GCC=gcc
COLLECT_LTO_WRAPPER=/usr/lib/gcc/x86_64-linux-gnu/5/lto-wrapper
Target: x86_64-linux-gnu
Configured with: ../src/configure -v --with-pkgversion='Ubuntu 5.4.0-6ubuntu1~16.04.4' --with-bugurl=file:///usr/share/doc/gcc-5/README.Bugs --enable-languages=c,ada,c++,java,go,d,fortran,objc,obj-c++ --prefix=/usr --program-suffix=-5 --enable-shared --enable-linker-build-id --libexecdir=/usr/lib --without-included-gettext --enable-threads=posix --libdir=/usr/lib --enable-nls --with-sysroot=/ --enable-clocale=gnu --enable-libstdcxx-debug --enable-libstdcxx-time=yes --with-default-libstdcxx-abi=new --enable-gnu-unique-object --disable-vtable-verify --enable-libmpx --enable-plugin --with-system-zlib --disable-browser-plugin --enable-java-awt=gtk --enable-gtk-cairo --with-java-home=/usr/lib/jvm/java-1.5.0-gcj-5-amd64/jre --enable-java-home --with-jvm-root-dir=/usr/lib/jvm/java-1.5.0-gcj-5-amd64 --with-jvm-jar-dir=/usr/lib/jvm-exports/java-1.5.0-gcj-5-amd64 --with-arch-directory=amd64 --with-ecj-jar=/usr/share/java/eclipse-ecj.jar --enable-objc-gc --enable-multiarch --disable-werror --with-arch-32=i686 --with-abi=m64 --with-multilib-list=m32,m64,mx32 --enable-multilib --with-tune=generic --enable-checking=release --build=x86_64-linux-gnu --host=x86_64-linux-gnu --target=x86_64-linux-gnu
Thread model: posix
gcc version 5.4.0 20160609 (Ubuntu 5.4.0-6ubuntu1~16.04.4) 
configure:4212: $? = 0
configure:4201: gcc -V >&5
gcc: error: unrecognized command line option '-V'
gcc: fatal error: no input files
compilation terminated.
configure:4212: $? = 1
configure:4201: gcc -qversion >&5
gcc: error: unrecognized command line option '-qversion'
gcc: fatal error: no input files
compilation terminated.
configure:4212: $? = 1
configure:4216: checking whether we are using the GNU C compiler
configure:4235: gcc -c   conftest.c >&5
configure:4235: $? = 0
configure:4244: result: yes
configure:4253: checking whether gcc accepts -g
configure:4273: gcc -c -g  conftest.c >&5
configure:4273: $? = 0
configure:4314: result: yes
configure:4331: checking for gcc option to accept ISO C89
configure:4394: gcc  -c   conftest.c >&5
configure:4394: $? = 0
configure:4407: result: none needed
configure:4485: checking for icpc
configure:4515: result: no
configure:4485: checking for icc
configure:4515: result: no
configure:4485: checking for ecc
configure:4515: result: no
configure:4485: checking for sunCC
configure:4515: result: no
configure:4485: checking for pgCC
configure:4515: result: no
configure:4485: checking for g++
configure:4501: found /usr/bin/g++
configure:4512: result: g++
configure:4539: checking for C++ compiler version
configure:4548: g++ --version >&5
g++ (Ubuntu 5.4.0-6ubuntu1~16.04.4) 5.4.0 20160609
Copyright (C) 2015 Free Software Foundation, Inc.
This is free software; see the source for copying conditions.  There is NO
warranty; not even for MERCHANTABILITY or FITNESS FOR A PARTICULAR PURPOSE.

configure:4559: $? = 0
configure:4548: g++ -v >&5
Using built-in specs.
COLLECT_GCC=g++
COLLECT_LTO_WRAPPER=/usr/lib/gcc/x86_64-linux-gnu/5/lto-wrapper
Target: x86_64-linux-gnu
Configured with: ../src/configure -v --with-pkgversion='Ubuntu 5.4.0-6ubuntu1~16.04.4' --with-bugurl=file:///usr/share/doc/gcc-5/README.Bugs --enable-languages=c,ada,c++,java,go,d,fortran,objc,obj-c++ --prefix=/usr --program-suffix=-5 --enable-shared --enable-linker-build-id --libexecdir=/usr/lib --without-included-gettext --enable-threads=posix --libdir=/usr/lib --enable-nls --with-sysroot=/ --enable-clocale=gnu --enable-libstdcxx-debug --enable-libstdcxx-time=yes --with-default-libstdcxx-abi=new --enable-gnu-unique-object --disable-vtable-verify --enable-libmpx --enable-plugin --with-system-zlib --disable-browser-plugin --enable-java-awt=gtk --enable-gtk-cairo --with-java-home=/usr/lib/jvm/java-1.5.0-gcj-5-amd64/jre --enable-java-home --with-jvm-root-dir=/usr/lib/jvm/java-1.5.0-gcj-5-amd64 --with-jvm-jar-dir=/usr/lib/jvm-exports/java-1.5.0-gcj-5-amd64 --with-arch-directory=amd64 --with-ecj-jar=/usr/share/java/eclipse-ecj.jar --enable-objc-gc --enable-multiarch --disable-werror --with-arch-32=i686 --with-abi=m64 --with-multilib-list=m32,m64,mx32 --enable-multilib --with-tune=generic --enable-checking=release --build=x86_64-linux-gnu --host=x86_64-linux-gnu --target=x86_64-linux-gnu
Thread model: posix
gcc version 5.4.0 20160609 (Ubuntu 5.4.0-6ubuntu1~16.04.4) 
configure:4559: $? = 0
configure:4548: g++ -V >&5
g++: error: unrecognized command line option '-V'
g++: fatal error: no input files
compilation terminated.
configure:4559: $? = 1
configure:4548: g++ -qversion >&5
g++: error: unrecognized command line option '-qversion'
g++: fatal error: no input files
compilation terminated.
configure:4559: $? = 1
configure:4563: checking whether we are using the GNU C++ compiler
configure:4582: g++ -c   conftest.cpp >&5
configure:4582: $? = 0
configure:4591: result: yes
configure:4600: checking whether g++ accepts -g
configure:4620: g++ -c -g  conftest.cpp >&5
configure:4620: $? = 0
configure:4661: result: yes
configure:4689: checking how to run the C preprocessor
configure:4720: gcc -E  conftest.c
configure:4720: $? = 0
configure:4734: gcc -E  conftest.c
conftest.c:9:28: fatal error: ac_nonexistent.h: No such file or directory
compilation terminated.
configure:4734: $? = 1
configure: failed program was:
| /* confdefs.h */
| #define PACKAGE_NAME ""
| #define PACKAGE_TARNAME ""
| #define PACKAGE_VERSION ""
| #define PACKAGE_STRING ""
| #define PACKAGE_BUGREPORT ""
| #define PACKAGE_URL ""
| /* end confdefs.h.  */
| #include <ac_nonexistent.h>
configure:4759: result: gcc -E
configure:4779: gcc -E  conftest.c
configure:4779: $? = 0
configure:4793: gcc -E  conftest.c
conftest.c:9:28: fatal error: ac_nonexistent.h: No such file or directory
compilation terminated.
configure:4793: $? = 1
configure: failed program was:
| /* confdefs.h */
| #define PACKAGE_NAME ""
| #define PACKAGE_TARNAME ""
| #define PACKAGE_VERSION ""
| #define PACKAGE_STRING ""
| #define PACKAGE_BUGREPORT ""
| #define PACKAGE_URL ""
| /* end confdefs.h.  */
| #include <ac_nonexistent.h>
configure:4825: checking for grep that handles long lines and -e
configure:4883: result: /bin/grep
configure:4888: checking for egrep
configure:4950: result: /bin/grep -E
configure:4955: checking for ANSI C header files
configure:4975: gcc -c   conftest.c >&5
configure:4975: $? = 0
configure:5048: gcc -o conftest    conftest.c  >&5
configure:5048: $? = 0
configure:5048: ./conftest
configure:5048: $? = 0
configure:5059: result: yes
configure:5072: checking for sys/types.h
configure:5072: gcc -c   conftest.c >&5
configure:5072: $? = 0
configure:5072: result: yes
configure:5072: checking for sys/stat.h
configure:5072: gcc -c   conftest.c >&5
configure:5072: $? = 0
configure:5072: result: yes
configure:5072: checking for stdlib.h
configure:5072: gcc -c   conftest.c >&5
configure:5072: $? = 0
configure:5072: result: yes
configure:5072: checking for string.h
configure:5072: gcc -c   conftest.c >&5
configure:5072: $? = 0
configure:5072: result: yes
configure:5072: checking for memory.h
configure:5072: gcc -c   conftest.c >&5
configure:5072: $? = 0
configure:5072: result: yes
configure:5072: checking for strings.h
configure:5072: gcc -c   conftest.c >&5
configure:5072: $? = 0
configure:5072: result: yes
configure:5072: checking for inttypes.h
configure:5072: gcc -c   conftest.c >&5
configure:5072: $? = 0
configure:5072: result: yes
configure:5072: checking for stdint.h
configure:5072: gcc -c   conftest.c >&5
configure:5072: $? = 0
configure:5072: result: yes
configure:5072: checking for unistd.h
configure:5072: gcc -c   conftest.c >&5
configure:5072: $? = 0
configure:5072: result: yes
configure:5088: checking size of long int
configure:5093: gcc -o conftest    conftest.c  >&5
configure:5093: $? = 0
configure:5093: ./conftest
configure:5093: $? = 0
configure:5107: result: 8
configure:5129: checking how to get verbose linking output from gfortran
configure:5240: result: -v
configure:5242: checking for Fortran 77 libraries of gfortran
configure:5461: result:  -L/usr/lib/gcc/x86_64-linux-gnu/5 -L/usr/lib/gcc/x86_64-linux-gnu/5/../../../x86_64-linux-gnu -L/usr/lib/gcc/x86_64-linux-gnu/5/../../../../lib -L/lib/x86_64-linux-gnu -L/lib/../lib -L/usr/lib/x86_64-linux-gnu -L/usr/lib/../lib -L/usr/lib/gcc/x86_64-linux-gnu/5/../../.. -lgfortran -lm -lquadmath
configure:5476: checking how to get verbose linking output from gfortran
configure:5587: result: -v
configure:5589: checking for Fortran libraries of gfortran
configure:5808: result:  -L/usr/lib/gcc/x86_64-linux-gnu/5 -L/usr/lib/gcc/x86_64-linux-gnu/5/../../../x86_64-linux-gnu -L/usr/lib/gcc/x86_64-linux-gnu/5/../../../../lib -L/lib/x86_64-linux-gnu -L/lib/../lib -L/usr/lib/x86_64-linux-gnu -L/usr/lib/../lib -L/usr/lib/gcc/x86_64-linux-gnu/5/../../.. -lgfortran -lm -lquadmath
configure:5825: checking for dummy main to link with Fortran 77 libraries
configure:5859: gcc -o conftest    conftest.c   -L/usr/lib/gcc/x86_64-linux-gnu/5 -L/usr/lib/gcc/x86_64-linux-gnu/5/../../../x86_64-linux-gnu -L/usr/lib/gcc/x86_64-linux-gnu/5/../../../../lib -L/lib/x86_64-linux-gnu -L/lib/../lib -L/usr/lib/x86_64-linux-gnu -L/usr/lib/../lib -L/usr/lib/gcc/x86_64-linux-gnu/5/../../.. -lgfortran -lm -lquadmath >&5
configure:5859: $? = 0
configure:5904: result: none
configure:5937: checking for Fortran 77 name-mangling scheme
configure:5950: gfortran -c    conftest.f >&5
configure:5950: $? = 0
configure:5991: gcc -o conftest    conftest.c cfortran_test.o   -L/usr/lib/gcc/x86_64-linux-gnu/5 -L/usr/lib/gcc/x86_64-linux-gnu/5/../../../x86_64-linux-gnu -L/usr/lib/gcc/x86_64-linux-gnu/5/../../../../lib -L/lib/x86_64-linux-gnu -L/lib/../lib -L/usr/lib/x86_64-linux-gnu -L/usr/lib/../lib -L/usr/lib/gcc/x86_64-linux-gnu/5/../../.. -lgfortran -lm -lquadmath >&5
/tmp/cckLIeVR.o: In function `main':
conftest.c:(.text+0xa): undefined reference to `foobar'
collect2: error: ld returned 1 exit status
configure:5991: $? = 1
configure: failed program was:
| /* confdefs.h */
| #define PACKAGE_NAME ""
| #define PACKAGE_TARNAME ""
| #define PACKAGE_VERSION ""
| #define PACKAGE_STRING ""
| #define PACKAGE_BUGREPORT ""
| #define PACKAGE_URL ""
| #define STDC_HEADERS 1
| #define HAVE_SYS_TYPES_H 1
| #define HAVE_SYS_STAT_H 1
| #define HAVE_STDLIB_H 1
| #define HAVE_STRING_H 1
| #define HAVE_MEMORY_H 1
| #define HAVE_STRINGS_H 1
| #define HAVE_INTTYPES_H 1
| #define HAVE_STDINT_H 1
| #define HAVE_UNISTD_H 1
| #define SIZEOF_LONG_INT 8
| #define LONG_64_BITS 1
| /* end confdefs.h.  */
| 
| /* Override any GCC internal prototype to avoid an error.
|    Use char because int might match the return type of a GCC
|    builtin and then its argument prototype would still apply.  */
| #ifdef __cplusplus
| extern "C"
| #endif
| char foobar ();
| #ifdef F77_DUMMY_MAIN
| 
| #  ifdef __cplusplus
|      extern "C"
| #  endif
|    int F77_DUMMY_MAIN() { return 1; }
| 
| #endif
| int
| main ()
| {
| return foobar ();
|   ;
|   return 0;
| }
configure:5991: gcc -o conftest    conftest.c cfortran_test.o   -L/usr/lib/gcc/x86_64-linux-gnu/5 -L/usr/lib/gcc/x86_64-linux-gnu/5/../../../x86_64-linux-gnu -L/usr/lib/gcc/x86_64-linux-gnu/5/../../../../lib -L/lib/x86_64-linux-gnu -L/lib/../lib -L/usr/lib/x86_64-linux-gnu -L/usr/lib/../lib -L/usr/lib/gcc/x86_64-linux-gnu/5/../../.. -lgfortran -lm -lquadmath >&5
configure:5991: $? = 0
configure:6049: gcc -o conftest    conftest.c cfortran_test.o   -L/usr/lib/gcc/x86_64-linux-gnu/5 -L/usr/lib/gcc/x86_64-linux-gnu/5/../../../x86_64-linux-gnu -L/usr/lib/gcc/x86_64-linux-gnu/5/../../../../lib -L/lib/x86_64-linux-gnu -L/lib/../lib -L/usr/lib/x86_64-linux-gnu -L/usr/lib/../lib -L/usr/lib/gcc/x86_64-linux-gnu/5/../../.. -lgfortran -lm -lquadmath >&5
configure:6049: $? = 0
configure:6091: result: lower case, underscore, no extra underscore
configure:8207: checking the position of the stars to help find a versions of BLAS
configure:8323: checking for builtin sgemm
configure:8330: gfortran -o conftest     conftest.f  >&5
/tmp/cc8SvtlZ.o: In function `MAIN__':
conftest.f:(.text+0xa): undefined reference to `sgemm_'
collect2: error: ld returned 1 exit status
configure:8330: $? = 1
configure: failed program was:
|       program main
|       call sgemm
|       end
configure:8335: result: no
configure:8343: checking for sgemm in -lmkl_def
configure:8355: gfortran -o conftest     conftest.f -lmkl_def -lm  >&5
/usr/bin/ld: cannot find -lmkl_def
collect2: error: ld returned 1 exit status
configure:8355: $? = 1
configure: failed program was:
|       program main
|       call sgemm
|       end
configure:8365: result: no
configure:8374: checking for sgemm in -lmkl_ipf
configure:8386: gfortran -o conftest     conftest.f -lmkl_ipf -lguide -lm  >&5
/usr/bin/ld: cannot find -lmkl_ipf
/usr/bin/ld: cannot find -lguide
collect2: error: ld returned 1 exit status
configure:8386: $? = 1
configure: failed program was:
|       program main
|       call sgemm
|       end
configure:8396: result: no
configure:8405: checking for sgemm in -lmkl_em64t
configure:8417: gfortran -o conftest     conftest.f -lmkl_em64t -lguide -liomp5  >&5
/usr/bin/ld: cannot find -lmkl_em64t
/usr/bin/ld: cannot find -lguide
/usr/bin/ld: cannot find -liomp5
collect2: error: ld returned 1 exit status
configure:8417: $? = 1
configure: failed program was:
|       program main
|       call sgemm
|       end
configure:8427: result: no
configure:8436: trying Intel MKL < 7:
configure:8439: checking for lsame in -lmkl_lapack
configure:8451: gfortran -o conftest     conftest.f -lmkl_lapack   >&5
/usr/bin/ld: cannot find -lmkl_lapack
collect2: error: ld returned 1 exit status
configure:8451: $? = 1
configure: failed program was:
|       program main
|       call lsame
|       end
configure:8460: result: no
configure:8499: Intel MKL < 7... no
configure:8506: checking for sgemm in -lacml
configure:8518: gfortran -o conftest     conftest.f -lacml   >&5
/usr/bin/ld: cannot find -lacml
collect2: error: ld returned 1 exit status
configure:8518: $? = 1
configure: failed program was:
|       program main
|       call sgemm
|       end
configure:8528: result: no
configure:8539: checking for sgemm in -lf77blas
configure:8551: gfortran -o conftest     conftest.f -lf77blas -latlas  >&5
/usr/bin/ld: cannot find -lf77blas
/usr/bin/ld: cannot find -latlas
collect2: error: ld returned 1 exit status
configure:8551: $? = 1
configure: failed program was:
|       program main
|       call sgemm
|       end
configure:8561: result: no
configure:8572: checking for sgemm in -lveclib
configure:8584: gfortran -o conftest     conftest.f -lveclib   >&5
/usr/bin/ld: cannot find -lveclib
collect2: error: ld returned 1 exit status
configure:8584: $? = 1
configure: failed program was:
|       program main
|       call sgemm
|       end
configure:8594: result: no
configure:8604: trying PhiPACK:
configure:8607: checking for sgemm in -lblas
configure:8619: gfortran -o conftest     conftest.f -lblas   >&5
configure:8619: $? = 0
configure:8629: result: yes
configure:8632: checking for dgemm in -ldgemm
configure:8644: gfortran -o conftest     conftest.f -ldgemm -lblas  >&5
/usr/bin/ld: cannot find -ldgemm
collect2: error: ld returned 1 exit status
configure:8644: $? = 1
configure: failed program was:
|       program main
|       call dgemm
|       end
configure:8653: result: no
configure:8690: PhiPACK... no
configure:8697: checking for sgemm in -lcxml
configure:8709: gfortran -o conftest     conftest.f -lcxml   >&5
/usr/bin/ld: cannot find -lcxml
collect2: error: ld returned 1 exit status
configure:8709: $? = 1
configure: failed program was:
|       program main
|       call sgemm
|       end
configure:8719: result: no
configure:8730: checking for sgemm in -ldxml
configure:8742: gfortran -o conftest     conftest.f -ldxml   >&5
/usr/bin/ld: cannot find -ldxml
collect2: error: ld returned 1 exit status
configure:8742: $? = 1
configure: failed program was:
|       program main
|       call sgemm
|       end
configure:8752: result: no
configure:8826: checking for sgemm in -lscs
configure:8838: gfortran -o conftest     conftest.f -lscs   >&5
/usr/bin/ld: cannot find -lscs
collect2: error: ld returned 1 exit status
configure:8838: $? = 1
configure: failed program was:
|       program main
|       call sgemm
|       end
configure:8848: result: no
configure:8859: checking for sgemm in -lcomplib.sgimath
configure:8871: gfortran -o conftest     conftest.f -lcomplib.sgimath   >&5
/usr/bin/ld: cannot find -lcomplib.sgimath
collect2: error: ld returned 1 exit status
configure:8871: $? = 1
configure: failed program was:
|       program main
|       call sgemm
|       end
configure:8881: result: no
configure:8892: trying IBM ESSL:
configure:8895: checking for sgemm in -lblas
configure:8907: gfortran -o conftest     conftest.f -lblas   >&5
configure:8907: $? = 0
configure:8917: result: yes
configure:8921: checking for sgemm in -lessl
configure:8933: gfortran -o conftest     conftest.f -lessl -lblas  >&5
/usr/bin/ld: cannot find -lessl
collect2: error: ld returned 1 exit status
configure:8933: $? = 1
configure: failed program was:
|       program main
|       call sgemm
|       end
configure:8943: result: no
configure:8952: IBM ESSL... no
configure:8960: checking for sgemm in -lblas
configure:8972: gfortran -o conftest     conftest.f -lblas   >&5
configure:8972: $? = 0
configure:8982: result: yes
configure:9191: checking for dsyev in -lmkl_lapack
configure:9203: gfortran -o conftest      conftest.f -lmkl_lapack  -lblas  >&5
/usr/bin/ld: cannot find -lmkl_lapack
collect2: error: ld returned 1 exit status
configure:9203: $? = 1
configure: failed program was:
|       program main
|       call dsyev
|       end
configure:9213: result: no
configure:9224: checking for dsyev in -lsunperf
configure:9236: gfortran -o conftest      conftest.f -lsunperf  -lblas  >&5
/usr/bin/ld: cannot find -lsunperf
collect2: error: ld returned 1 exit status
configure:9236: $? = 1
configure: failed program was:
|       program main
|       call dsyev
|       end
configure:9246: result: no
configure:9256: checking for dsyev in BLAS library
configure:9263: gfortran -o conftest      conftest.f -lblas  >&5
/tmp/ccfpMTIx.o: In function `MAIN__':
conftest.f:(.text+0xa): undefined reference to `dsyev_'
collect2: error: ld returned 1 exit status
configure:9263: $? = 1
configure: failed program was:
|       program main
|       call dsyev
|       end
configure:9268: result: no
configure:9275: checking for dsyev in -llapack
configure:9287: gfortran -o conftest      conftest.f -llapack  -lblas  >&5
configure:9287: $? = 0
configure:9297: result: yes
configure:9332: checking for main in -lstdc++
configure:9367: g++ -o conftest      conftest.cpp -lstdc++   >&5
configure:9367: $? = 0
configure:9376: result: yes
configure:9387: checking for main in -lm
configure:9422: g++ -o conftest      conftest.cpp -lm  -lstdc++  >&5
configure:9422: $? = 0
configure:9431: result: yes
configure:9442: checking for main in -lpthread
configure:9477: g++ -o conftest      conftest.cpp -lpthread  -lm -lstdc++  >&5
configure:9477: $? = 0
configure:9486: result: yes
configure:9504: checking how to run the C++ preprocessor
configure:9531: g++ -E  conftest.cpp
configure:9531: $? = 0
configure:9545: g++ -E  conftest.cpp
conftest.cpp:28:28: fatal error: ac_nonexistent.h: No such file or directory
compilation terminated.
configure:9545: $? = 1
configure: failed program was:
| /* confdefs.h */
| #define PACKAGE_NAME ""
| #define PACKAGE_TARNAME ""
| #define PACKAGE_VERSION ""
| #define PACKAGE_STRING ""
| #define PACKAGE_BUGREPORT ""
| #define PACKAGE_URL ""
| #define STDC_HEADERS 1
| #define HAVE_SYS_TYPES_H 1
| #define HAVE_SYS_STAT_H 1
| #define HAVE_STDLIB_H 1
| #define HAVE_STRING_H 1
| #define HAVE_MEMORY_H 1
| #define HAVE_STRINGS_H 1
| #define HAVE_INTTYPES_H 1
| #define HAVE_STDINT_H 1
| #define HAVE_UNISTD_H 1
| #define SIZEOF_LONG_INT 8
| #define LONG_64_BITS 1
| #define F77_FUNC(name,NAME) name ## _
| #define F77_FUNC_(name,NAME) name ## _
| #define HAVE_BLAS 1
| #define HAVE_LAPACK 1
| #define HAVE_LIBSTDC__ 1
| #define HAVE_LIBM 1
| #define HAVE_LIBPTHREAD 1
| /* end confdefs.h.  */
| #include <ac_nonexistent.h>
configure:9570: result: g++ -E
configure:9590: g++ -E  conftest.cpp
configure:9590: $? = 0
configure:9604: g++ -E  conftest.cpp
conftest.cpp:28:28: fatal error: ac_nonexistent.h: No such file or directory
compilation terminated.
configure:9604: $? = 1
configure: failed program was:
| /* confdefs.h */
| #define PACKAGE_NAME ""
| #define PACKAGE_TARNAME ""
| #define PACKAGE_VERSION ""
| #define PACKAGE_STRING ""
| #define PACKAGE_BUGREPORT ""
| #define PACKAGE_URL ""
| #define STDC_HEADERS 1
| #define HAVE_SYS_TYPES_H 1
| #define HAVE_SYS_STAT_H 1
| #define HAVE_STDLIB_H 1
| #define HAVE_STRING_H 1
| #define HAVE_MEMORY_H 1
| #define HAVE_STRINGS_H 1
| #define HAVE_INTTYPES_H 1
| #define HAVE_STDINT_H 1
| #define HAVE_UNISTD_H 1
| #define SIZEOF_LONG_INT 8
| #define LONG_64_BITS 1
| #define F77_FUNC(name,NAME) name ## _
| #define F77_FUNC_(name,NAME) name ## _
| #define HAVE_BLAS 1
| #define HAVE_LAPACK 1
| #define HAVE_LIBSTDC__ 1
| #define HAVE_LIBM 1
| #define HAVE_LIBPTHREAD 1
| /* end confdefs.h.  */
| #include <ac_nonexistent.h>
configure:9633: checking iostream usability
configure:9633: g++ -c   conftest.cpp >&5
configure:9633: $? = 0
configure:9633: result: yes
configure:9633: checking iostream presence
configure:9633: g++ -E  conftest.cpp
configure:9633: $? = 0
configure:9633: result: yes
configure:9633: checking for iostream
configure:9633: result: yes
configure:9653: Checking for VTK automagic.
configure:9695: g++ -o conftest   -I/usr/include/vtk-6.2 -I/usr/include -I/usr/include/jsoncpp -I/usr/include/python2.7 -I/usr/include/freetype2 -I/usr/include/x86_64-linux-gnu/freetype2 -I/usr/include/x86_64-linux-gnu -I/usr/include/hdf5/serial -I/usr/lib/openmpi/include/openmpi/opal/mca/event/libevent2021/libevent -I/usr/lib/openmpi/include/openmpi/opal/mca/event/libevent2021/libevent/include -I/usr/lib/openmpi/include -I/usr/lib/openmpi/include/openmpi -I/usr/include/libxml2 -I/usr/include/tcl      conftest.cpp -lpthread -lm -lstdc++       /usr/lib/x86_64-linux-gnu/libz.so /usr/lib/x86_64-linux-gnu/libjsoncpp.so /usr/lib/x86_64-linux-gnu/libexpat.so -lsqlite3 /usr/lib/x86_64-linux-gnu/libvtkRenderingMatplotlib-6.2.so.6.2.0 /usr/lib/x86_64-linux-gnu/libvtkPythonInterpreter-6.2.so.6.2.0 /usr/lib/x86_64-linux-gnu/libpython2.7.so /usr/lib/x86_64-linux-gnu/libfreetype.so /usr/lib/libvtkWrappingTools-6.2.a /usr/lib/x86_64-linux-gnu/libjpeg.so /usr/lib/x86_64-linux-gnu/libpng.so /usr/lib/x86_64-linux-gnu/libtiff.so /usr/lib/x86_64-linux-gnu/libproj.so /usr/lib/x86_64-linux-gnu/libvtkInteractionImage-6.2.so.6.2.0 /usr/lib/x86_64-linux-gnu/libvtkRenderingImage-6.2.so.6.2.0 /usr/lib/x86_64-linux-gnu/libvtkIOParallel-6.2.so.6.2.0 /usr/lib/x86_64-linux-gnu/libvtkIONetCDF-6.2.so.6.2.0 /usr/lib/x86_64-linux-gnu/libnetcdf_c++.so /usr/lib/x86_64-linux-gnu/libnetcdf.so /usr/lib/x86_64-linux-gnu/hdf5/serial/lib/libhdf5.so -lpthread /usr/lib/x86_64-linux-gnu/libsz.so /usr/lib/x86_64-linux-gnu/libdl.so -lm /usr/lib/x86_64-linux-gnu/hdf5/serial/lib/libhdf5_hl.so /usr/lib/x86_64-linux-gnu/libvtkRenderingParallelLIC-6.2.so.6.2.0 /usr/lib/x86_64-linux-gnu/libvtkRenderingLIC-6.2.so.6.2.0 /usr/lib/x86_64-linux-gnu/libvtkRenderingFreeTypeOpenGL-6.2.so.6.2.0 /usr/lib/x86_64-linux-gnu/libvtkIOParallelXML-6.2.so.6.2.0 /usr/lib/x86_64-linux-gnu/libtheoraenc.so /usr/lib/x86_64-linux-gnu/libtheoradec.so /usr/lib/x86_64-linux-gnu/libogg.so /usr/lib/x86_64-linux-gnu/libvtkIOImport-6.2.so.6.2.0 /usr/lib/x86_64-linux-gnu/libvtkIOODBC-6.2.so.6.2.0 /usr/lib/x86_64-linux-gnu/libvtkIOInfovis-6.2.so.6.2.0 /usr/lib/x86_64-linux-gnu/libxml2.so /usr/lib/x86_64-linux-gnu/libvtkFiltersHyperTree-6.2.so.6.2.0 /usr/lib/x86_64-linux-gnu/libvtkFiltersParallelFlowPaths-6.2.so.6.2.0 /usr/lib/x86_64-linux-gnu/libvtkIOVPIC-6.2.so.6.2.0 /usr/lib/x86_64-linux-gnu/libvtkVPIC-6.2.so.6.2.0 /usr/lib/x86_64-linux-gnu/libvtkIOExport-6.2.so.6.2.0 /usr/lib/x86_64-linux-gnu/libvtkRenderingGL2PS-6.2.so.6.2.0 /usr/lib/x86_64-linux-gnu/libvtkRenderingContextOpenGL-6.2.so.6.2.0 /usr/lib/libgl2ps.so /usr/lib/x86_64-linux-gnu/libvtkIOFFMPEG-6.2.so.6.2.0 /usr/lib/x86_64-linux-gnu/libvtkIOMovie-6.2.so.6.2.0 /usr/lib/x86_64-linux-gnu/libvtkFiltersReebGraph-6.2.so.6.2.0 /usr/lib/x86_64-linux-gnu/libvtkRenderingExternal-6.2.so.6.2.0 /usr/lib/x86_64-linux-gnu/libvtkFiltersParallelStatistics-6.2.so.6.2.0 /usr/lib/x86_64-linux-gnu/libvtkFiltersParallelGeometry-6.2.so.6.2.0 /usr/lib/x86_64-linux-gnu/libvtkWrappingJava-6.2.so.6.2.0 /usr/lib/x86_64-linux-gnu/libvtkIOPLY-6.2.so.6.2.0 /usr/lib/x86_64-linux-gnu/libvtkRenderingVolumeOpenGL-6.2.so.6.2.0 /usr/lib/x86_64-linux-gnu/libvtkImagingStatistics-6.2.so.6.2.0 /usr/lib/x86_64-linux-gnu/libvtkTestingGenericBridge-6.2.so.6.2.0 /usr/lib/x86_64-linux-gnu/libvtkIOParallelExodus-6.2.so.6.2.0 /usr/lib/x86_64-linux-gnu/libvtkFiltersSelection-6.2.so.6.2.0 /usr/lib/x86_64-linux-gnu/libvtkIOMPIImage-6.2.so.6.2.0 /usr/lib/x86_64-linux-gnu/libvtkIOEnSight-6.2.so.6.2.0 /usr/lib/x86_64-linux-gnu/libvtkIOGeoJSON-6.2.so.6.2.0 /usr/lib/x86_64-linux-gnu/libvtkFiltersPython-6.2.so.6.2.0 /usr/lib/x86_64-linux-gnu/libvtkFiltersParallelImaging-6.2.so.6.2.0 /usr/lib/x86_64-linux-gnu/libvtkIOParallelNetCDF-6.2.so.6.2.0 /usr/lib/x86_64-linux-gnu/libvtkIOAMR-6.2.so.6.2.0 /usr/lib/x86_64-linux-gnu/libvtkImagingStencil-6.2.so.6.2.0 /usr/lib/x86_64-linux-gnu/libvtkIOMySQL-6.2.so.6.2.0 /usr/lib/x86_64-linux-gnu/libvtkRenderingFreeTypeFontConfig-6.2.so.6.2.0 /usr/lib/x86_64-linux-gnu/libvtkIOGDAL-6.2.so.6.2.0 /usr/lib/x86_64-linux-gnu/libvtkIOVideo-6.2.so.6.2.0 /usr/lib/x86_64-linux-gnu/libvtkLocalExample-6.2.so.6.2.0 /usr/lib/x86_64-linux-gnu/libvtkTestingIOSQL-6.2.so.6.2.0 /usr/lib/x86_64-linux-gnu/libvtkFiltersSMP-6.2.so.6.2.0 /usr/lib/x86_64-linux-gnu/libvtkIOParallelLSDyna-6.2.so.6.2.0 /usr/lib/x86_64-linux-gnu/libvtkFiltersParallelMPI-6.2.so.6.2.0 /usr/lib/x86_64-linux-gnu/libvtkIOXdmf2-6.2.so.6.2.0 /usr/lib/x86_64-linux-gnu/libvtkImagingMath-6.2.so.6.2.0 /usr/lib/x86_64-linux-gnu/libvtkFiltersVerdict-6.2.so.6.2.0 /usr/lib/x86_64-linux-gnu/libvtkFiltersTexture-6.2.so.6.2.0 /usr/lib/x86_64-linux-gnu/libvtkRenderingParallel-6.2.so.6.2.0 /usr/lib/x86_64-linux-gnu/libvtkTestingRendering-6.2.so.6.2.0 /usr/lib/x86_64-linux-gnu/libvtkFiltersProgrammable-6.2.so.6.2.0 /usr/lib/x86_64-linux-gnu/libvtkIOMINC-6.2.so.6.2.0 /usr/lib/x86_64-linux-gnu/libvtkImagingMorphological-6.2.so.6.2.0 /usr/lib/x86_64-linux-gnu/libvtkDomainsChemistry-6.2.so.6.2.0 /usr/lib/x86_64-linux-gnu/libvtkRenderingLOD-6.2.so.6.2.0 /usr/lib/x86_64-linux-gnu/libvtkViewsContext2D-6.2.so.6.2.0 /usr/lib/x86_64-linux-gnu/libvtkInfovisBoostGraphAlgorithms-6.2.so.6.2.0 /usr/lib/x86_64-linux-gnu/libvtkIOPostgreSQL-6.2.so.6.2.0 /usr/lib/x86_64-linux-gnu/libvtkIOMPIParallel-6.2.so.6.2.0 /usr/lib/x86_64-linux-gnu/libvtkParallelMPI4Py-6.2.so.6.2.0 /usr/lib/x86_64-linux-gnu/libvtkViewsGeovis-6.2.so.6.2.0 /usr/lib/x86_64-linux-gnu/libvtkFiltersGeneric-6.2.so.6.2.0 /usr/lib/x86_64-linux-gnu/libvtkFiltersFlowPaths-6.2.so.6.2.0 /usr/lib/x86_64-linux-gnu/libtheoraenc.so /usr/lib/x86_64-linux-gnu/libtheoradec.so /usr/lib/x86_64-linux-gnu/libogg.so /usr/lib/x86_64-linux-gnu/libvtkIOExodus-6.2.so.6.2.0 /usr/lib/x86_64-linux-gnu/libvtkexoIIc-6.2.so.6.2.0 /usr/lib/x86_64-linux-gnu/libnetcdf_c++.so /usr/lib/x86_64-linux-gnu/libnetcdf.so /usr/lib/x86_64-linux-gnu/libvtkWrappingPython27Core-6.2.so.6.2.0 /usr/lib/x86_64-linux-gnu/libvtkFiltersAMR-6.2.so.6.2.0 /usr/lib/x86_64-linux-gnu/libvtkIOLSDyna-6.2.so.6.2.0 /usr/lib/x86_64-linux-gnu/libvtkxdmf2-6.2.so.6.2.0 /usr/lib/x86_64-linux-gnu/hdf5/serial/lib/libhdf5.so -lpthread /usr/lib/x86_64-linux-gnu/libsz.so /usr/lib/x86_64-linux-gnu/libdl.so -lm /usr/lib/x86_64-linux-gnu/hdf5/serial/lib/libhdf5_hl.so /usr/lib/x86_64-linux-gnu/libxml2.so /usr/lib/x86_64-linux-gnu/libvtkverdict-6.2.so.6.2.0 /usr/lib/x86_64-linux-gnu/libvtkFiltersParallel-6.2.so.6.2.0 /usr/lib/x86_64-linux-gnu/libvtkRenderingOpenGL-6.2.so.6.2.0 /usr/lib/x86_64-linux-gnu/libGLU.so /usr/lib/x86_64-linux-gnu/libSM.so /usr/lib/x86_64-linux-gnu/libICE.so /usr/lib/x86_64-linux-gnu/libX11.so /usr/lib/x86_64-linux-gnu/libXext.so /usr/lib/x86_64-linux-gnu/libXt.so /usr/lib/x86_64-linux-gnu/libvtkIOSQL-6.2.so.6.2.0 /usr/lib/x86_64-linux-gnu/libpython2.7.so /usr/lib/x86_64-linux-gnu/libvtkParallelMPI-6.2.so.6.2.0 /usr/lib/x86_64-linux-gnu/libvtkParallelCore-6.2.so.6.2.0 /usr/lib/x86_64-linux-gnu/libvtkIOLegacy-6.2.so.6.2.0 /usr/lib/x86_64-linux-gnu/libvtkGeovisCore-6.2.so.6.2.0 /usr/lib/x86_64-linux-gnu/libvtkIOXML-6.2.so.6.2.0 /usr/lib/x86_64-linux-gnu/libvtkIOGeometry-6.2.so.6.2.0 /usr/lib/x86_64-linux-gnu/libvtkIOXMLParser-6.2.so.6.2.0 /usr/lib/x86_64-linux-gnu/libproj.so /usr/lib/x86_64-linux-gnu/libvtkViewsInfovis-6.2.so.6.2.0 /usr/lib/x86_64-linux-gnu/libvtkInfovisLayout-6.2.so.6.2.0 /usr/lib/x86_64-linux-gnu/libvtkViewsCore-6.2.so.6.2.0 /usr/lib/x86_64-linux-gnu/libvtkInteractionWidgets-6.2.so.6.2.0 /usr/lib/x86_64-linux-gnu/libvtkFiltersModeling-6.2.so.6.2.0 /usr/lib/x86_64-linux-gnu/libvtkImagingHybrid-6.2.so.6.2.0 /usr/lib/x86_64-linux-gnu/libvtkIOImage-6.2.so.6.2.0 /usr/lib/x86_64-linux-gnu/libvtkIOCore-6.2.so.6.2.0 /usr/lib/x86_64-linux-gnu/libvtkDICOMParser-6.2.so.6.2.0 /usr/lib/x86_64-linux-gnu/libvtkmetaio-6.2.so.6.2.0 /usr/lib/x86_64-linux-gnu/libz.so /usr/lib/x86_64-linux-gnu/libvtkInteractionStyle-6.2.so.6.2.0 /usr/lib/x86_64-linux-gnu/libvtkFiltersHybrid-6.2.so.6.2.0 /usr/lib/x86_64-linux-gnu/libvtkRenderingAnnotation-6.2.so.6.2.0 /usr/lib/x86_64-linux-gnu/libvtkImagingColor-6.2.so.6.2.0 /usr/lib/x86_64-linux-gnu/libvtkRenderingVolume-6.2.so.6.2.0 /usr/lib/x86_64-linux-gnu/libvtkRenderingLabel-6.2.so.6.2.0 /usr/lib/x86_64-linux-gnu/libvtkChartsCore-6.2.so.6.2.0 /usr/lib/x86_64-linux-gnu/libvtkInfovisCore-6.2.so.6.2.0 /usr/lib/x86_64-linux-gnu/libvtkRenderingContext2D-6.2.so.6.2.0 /usr/lib/x86_64-linux-gnu/libvtkRenderingFreeType-6.2.so.6.2.0 /usr/lib/x86_64-linux-gnu/libvtkRenderingCore-6.2.so.6.2.0 /usr/lib/x86_64-linux-gnu/libvtkFiltersGeometry-6.2.so.6.2.0 /usr/lib/x86_64-linux-gnu/libvtkCommonColor-6.2.so.6.2.0 /usr/lib/x86_64-linux-gnu/libvtkFiltersExtraction-6.2.so.6.2.0 /usr/lib/x86_64-linux-gnu/libvtkftgl-6.2.so.6.2.0 /usr/lib/x86_64-linux-gnu/libfreetype.so /usr/lib/x86_64-linux-gnu/libGL.so /usr/lib/x86_64-linux-gnu/libvtkFiltersImaging-6.2.so.6.2.0 /usr/lib/x86_64-linux-gnu/libvtkFiltersStatistics-6.2.so.6.2.0 /usr/lib/x86_64-linux-gnu/libvtkalglib-6.2.so.6.2.0 /usr/lib/x86_64-linux-gnu/libvtkImagingFourier-6.2.so.6.2.0 /usr/lib/x86_64-linux-gnu/libvtkImagingGeneral-6.2.so.6.2.0 /usr/lib/x86_64-linux-gnu/libvtkImagingSources-6.2.so.6.2.0 /usr/lib/x86_64-linux-gnu/libvtkImagingCore-6.2.so.6.2.0 /usr/lib/x86_64-linux-gnu/libvtkFiltersSources-6.2.so.6.2.0 /usr/lib/x86_64-linux-gnu/libvtkFiltersGeneral-6.2.so.6.2.0 /usr/lib/x86_64-linux-gnu/libvtkFiltersCore-6.2.so.6.2.0 /usr/lib/x86_64-linux-gnu/libvtkCommonExecutionModel-6.2.so.6.2.0 /usr/lib/x86_64-linux-gnu/libvtkCommonComputationalGeometry-6.2.so.6.2.0 /usr/lib/x86_64-linux-gnu/libvtkCommonDataModel-6.2.so.6.2.0 /usr/lib/x86_64-linux-gnu/libvtkCommonMisc-6.2.so.6.2.0 /usr/lib/x86_64-linux-gnu/libvtkCommonTransforms-6.2.so.6.2.0 /usr/lib/x86_64-linux-gnu/libvtkCommonMath-6.2.so.6.2.0 /usr/lib/x86_64-linux-gnu/libvtkCommonSystem-6.2.so.6.2.0 /usr/lib/x86_64-linux-gnu/libvtkCommonCore-6.2.so.6.2.0 /usr/lib/x86_64-linux-gnu/libvtksys-6.2.so.6.2.0 -ldl -Wl,-rpath,/usr/lib/x86_64-linux-gnu/hdf5/serial/lib  >&5
configure:9695: $? = 0
configure:9697: VTK automagic works.
configure:10722: checking how do we get fortran 77 to allow long lines
configure:10733: gfortran -c -ffast-math -frecord-marker=4    conftest.f >&5
conftest.f:3:15:

       PRINT*, "hello world                                                                                      "
               1
Error: Unterminated character constant beginning at (1)
configure:10733: $? = 1
configure: failed program was:
|       program main
| 
|       PRINT*, "hello world                                                                                      "
| 
|       end
configure:10752: gfortran -c -extend_source conftest.f >&5
conftest.f:3:15:

       PRINT*, "hello world                                                                                      "
               1
Error: Unterminated character constant beginning at (1)
configure:10752: $? = 1
configure: failed program was:
|       program main
| 
|       PRINT*, "hello world                                                                                      "
| 
|       end
configure:10771: gfortran -c -132 conftest.f >&5
gfortran: error: unrecognized command line option '-132'
configure:10771: $? = 1
configure: failed program was:
|       program main
| 
|       PRINT*, "hello world                                                                                      "
| 
|       end
configure:10790: gfortran -c -ffree-line-length-none -ffixed-line-length-none conftest.f >&5
configure:10790: $? = 0
configure:10793: result: -ffree-line-length-none -ffixed-line-length-none
configure:10944: checking for a BSD-compatible install
configure:11012: result: /usr/bin/install -c
configure:11025: checking for gmake
configure:11053: result: make
configure:11076: checking for ar
configure:11092: found /usr/bin/ar
configure:11103: result: ar
configure:11155: checking for ranlib
configure:11171: found /usr/bin/ranlib
configure:11182: result: ranlib
configure:11287: Setting optimisation flags for gfortran
configure:11331: checking for mpif90
configure:11347: found /usr/bin/mpif90
configure:11358: result: mpif90
configure:11421: checking for mpicc
configure:11437: found /usr/bin/mpicc
configure:11448: result: mpicc
configure:11464: checking for mpicxx
configure:11480: found /usr/bin/mpicxx
configure:11491: result: mpicxx
configure:11509: checking if we can compile and link without using -lmpi
configure:11545: mpicc -o conftest   -O3  -I/usr/include/vtk-6.2 -I/usr/include -I/usr/include/jsoncpp -I/usr/include/python2.7 -I/usr/include/freetype2 -I/usr/include/x86_64-linux-gnu/freetype2 -I/usr/include/x86_64-linux-gnu -I/usr/include/hdf5/serial -I/usr/lib/openmpi/include/openmpi/opal/mca/event/libevent2021/libevent -I/usr/lib/openmpi/include/openmpi/opal/mca/event/libevent2021/libevent/include -I/usr/lib/openmpi/include -I/usr/lib/openmpi/include/openmpi -I/usr/include/libxml2 -I/usr/include/tcl   -DHAVE_VTK    conftest.c  >&5
configure:11545: $? = 0
configure:11547: result: yes
configure:11709: checking what voodoo is required to get 64 bit reals....
configure:11743: mpif90 -o conftest -ffast-math -frecord-marker=4    -ffree-line-length-none -ffixed-line-length-none  -O3 -fdefault-real-8     conftest.f  -llapack -lblas -lpthread -lm -lstdc++       /usr/lib/x86_64-linux-gnu/libz.so /usr/lib/x86_64-linux-gnu/libjsoncpp.so /usr/lib/x86_64-linux-gnu/libexpat.so -lsqlite3 /usr/lib/x86_64-linux-gnu/libvtkRenderingMatplotlib-6.2.so.6.2.0 /usr/lib/x86_64-linux-gnu/libvtkPythonInterpreter-6.2.so.6.2.0 /usr/lib/x86_64-linux-gnu/libpython2.7.so /usr/lib/x86_64-linux-gnu/libfreetype.so /usr/lib/libvtkWrappingTools-6.2.a /usr/lib/x86_64-linux-gnu/libjpeg.so /usr/lib/x86_64-linux-gnu/libpng.so /usr/lib/x86_64-linux-gnu/libtiff.so /usr/lib/x86_64-linux-gnu/libproj.so /usr/lib/x86_64-linux-gnu/libvtkInteractionImage-6.2.so.6.2.0 /usr/lib/x86_64-linux-gnu/libvtkRenderingImage-6.2.so.6.2.0 /usr/lib/x86_64-linux-gnu/libvtkIOParallel-6.2.so.6.2.0 /usr/lib/x86_64-linux-gnu/libvtkIONetCDF-6.2.so.6.2.0 /usr/lib/x86_64-linux-gnu/libnetcdf_c++.so /usr/lib/x86_64-linux-gnu/libnetcdf.so /usr/lib/x86_64-linux-gnu/hdf5/serial/lib/libhdf5.so -lpthread /usr/lib/x86_64-linux-gnu/libsz.so /usr/lib/x86_64-linux-gnu/libdl.so -lm /usr/lib/x86_64-linux-gnu/hdf5/serial/lib/libhdf5_hl.so /usr/lib/x86_64-linux-gnu/libvtkRenderingParallelLIC-6.2.so.6.2.0 /usr/lib/x86_64-linux-gnu/libvtkRenderingLIC-6.2.so.6.2.0 /usr/lib/x86_64-linux-gnu/libvtkRenderingFreeTypeOpenGL-6.2.so.6.2.0 /usr/lib/x86_64-linux-gnu/libvtkIOParallelXML-6.2.so.6.2.0 /usr/lib/x86_64-linux-gnu/libtheoraenc.so /usr/lib/x86_64-linux-gnu/libtheoradec.so /usr/lib/x86_64-linux-gnu/libogg.so /usr/lib/x86_64-linux-gnu/libvtkIOImport-6.2.so.6.2.0 /usr/lib/x86_64-linux-gnu/libvtkIOODBC-6.2.so.6.2.0 /usr/lib/x86_64-linux-gnu/libvtkIOInfovis-6.2.so.6.2.0 /usr/lib/x86_64-linux-gnu/libxml2.so /usr/lib/x86_64-linux-gnu/libvtkFiltersHyperTree-6.2.so.6.2.0 /usr/lib/x86_64-linux-gnu/libvtkFiltersParallelFlowPaths-6.2.so.6.2.0 /usr/lib/x86_64-linux-gnu/libvtkIOVPIC-6.2.so.6.2.0 /usr/lib/x86_64-linux-gnu/libvtkVPIC-6.2.so.6.2.0 /usr/lib/x86_64-linux-gnu/libvtkIOExport-6.2.so.6.2.0 /usr/lib/x86_64-linux-gnu/libvtkRenderingGL2PS-6.2.so.6.2.0 /usr/lib/x86_64-linux-gnu/libvtkRenderingContextOpenGL-6.2.so.6.2.0 /usr/lib/libgl2ps.so /usr/lib/x86_64-linux-gnu/libvtkIOFFMPEG-6.2.so.6.2.0 /usr/lib/x86_64-linux-gnu/libvtkIOMovie-6.2.so.6.2.0 /usr/lib/x86_64-linux-gnu/libvtkFiltersReebGraph-6.2.so.6.2.0 /usr/lib/x86_64-linux-gnu/libvtkRenderingExternal-6.2.so.6.2.0 /usr/lib/x86_64-linux-gnu/libvtkFiltersParallelStatistics-6.2.so.6.2.0 /usr/lib/x86_64-linux-gnu/libvtkFiltersParallelGeometry-6.2.so.6.2.0 /usr/lib/x86_64-linux-gnu/libvtkWrappingJava-6.2.so.6.2.0 /usr/lib/x86_64-linux-gnu/libvtkIOPLY-6.2.so.6.2.0 /usr/lib/x86_64-linux-gnu/libvtkRenderingVolumeOpenGL-6.2.so.6.2.0 /usr/lib/x86_64-linux-gnu/libvtkImagingStatistics-6.2.so.6.2.0 /usr/lib/x86_64-linux-gnu/libvtkTestingGenericBridge-6.2.so.6.2.0 /usr/lib/x86_64-linux-gnu/libvtkIOParallelExodus-6.2.so.6.2.0 /usr/lib/x86_64-linux-gnu/libvtkFiltersSelection-6.2.so.6.2.0 /usr/lib/x86_64-linux-gnu/libvtkIOMPIImage-6.2.so.6.2.0 /usr/lib/x86_64-linux-gnu/libvtkIOEnSight-6.2.so.6.2.0 /usr/lib/x86_64-linux-gnu/libvtkIOGeoJSON-6.2.so.6.2.0 /usr/lib/x86_64-linux-gnu/libvtkFiltersPython-6.2.so.6.2.0 /usr/lib/x86_64-linux-gnu/libvtkFiltersParallelImaging-6.2.so.6.2.0 /usr/lib/x86_64-linux-gnu/libvtkIOParallelNetCDF-6.2.so.6.2.0 /usr/lib/x86_64-linux-gnu/libvtkIOAMR-6.2.so.6.2.0 /usr/lib/x86_64-linux-gnu/libvtkImagingStencil-6.2.so.6.2.0 /usr/lib/x86_64-linux-gnu/libvtkIOMySQL-6.2.so.6.2.0 /usr/lib/x86_64-linux-gnu/libvtkRenderingFreeTypeFontConfig-6.2.so.6.2.0 /usr/lib/x86_64-linux-gnu/libvtkIOGDAL-6.2.so.6.2.0 /usr/lib/x86_64-linux-gnu/libvtkIOVideo-6.2.so.6.2.0 /usr/lib/x86_64-linux-gnu/libvtkLocalExample-6.2.so.6.2.0 /usr/lib/x86_64-linux-gnu/libvtkTestingIOSQL-6.2.so.6.2.0 /usr/lib/x86_64-linux-gnu/libvtkFiltersSMP-6.2.so.6.2.0 /usr/lib/x86_64-linux-gnu/libvtkIOParallelLSDyna-6.2.so.6.2.0 /usr/lib/x86_64-linux-gnu/libvtkFiltersParallelMPI-6.2.so.6.2.0 /usr/lib/x86_64-linux-gnu/libvtkIOXdmf2-6.2.so.6.2.0 /usr/lib/x86_64-linux-gnu/libvtkImagingMath-6.2.so.6.2.0 /usr/lib/x86_64-linux-gnu/libvtkFiltersVerdict-6.2.so.6.2.0 /usr/lib/x86_64-linux-gnu/libvtkFiltersTexture-6.2.so.6.2.0 /usr/lib/x86_64-linux-gnu/libvtkRenderingParallel-6.2.so.6.2.0 /usr/lib/x86_64-linux-gnu/libvtkTestingRendering-6.2.so.6.2.0 /usr/lib/x86_64-linux-gnu/libvtkFiltersProgrammable-6.2.so.6.2.0 /usr/lib/x86_64-linux-gnu/libvtkIOMINC-6.2.so.6.2.0 /usr/lib/x86_64-linux-gnu/libvtkImagingMorphological-6.2.so.6.2.0 /usr/lib/x86_64-linux-gnu/libvtkDomainsChemistry-6.2.so.6.2.0 /usr/lib/x86_64-linux-gnu/libvtkRenderingLOD-6.2.so.6.2.0 /usr/lib/x86_64-linux-gnu/libvtkViewsContext2D-6.2.so.6.2.0 /usr/lib/x86_64-linux-gnu/libvtkInfovisBoostGraphAlgorithms-6.2.so.6.2.0 /usr/lib/x86_64-linux-gnu/libvtkIOPostgreSQL-6.2.so.6.2.0 /usr/lib/x86_64-linux-gnu/libvtkIOMPIParallel-6.2.so.6.2.0 /usr/lib/x86_64-linux-gnu/libvtkParallelMPI4Py-6.2.so.6.2.0 /usr/lib/x86_64-linux-gnu/libvtkViewsGeovis-6.2.so.6.2.0 /usr/lib/x86_64-linux-gnu/libvtkFiltersGeneric-6.2.so.6.2.0 /usr/lib/x86_64-linux-gnu/libvtkFiltersFlowPaths-6.2.so.6.2.0 /usr/lib/x86_64-linux-gnu/libtheoraenc.so /usr/lib/x86_64-linux-gnu/libtheoradec.so /usr/lib/x86_64-linux-gnu/libogg.so /usr/lib/x86_64-linux-gnu/libvtkIOExodus-6.2.so.6.2.0 /usr/lib/x86_64-linux-gnu/libvtkexoIIc-6.2.so.6.2.0 /usr/lib/x86_64-linux-gnu/libnetcdf_c++.so /usr/lib/x86_64-linux-gnu/libnetcdf.so /usr/lib/x86_64-linux-gnu/libvtkWrappingPython27Core-6.2.so.6.2.0 /usr/lib/x86_64-linux-gnu/libvtkFiltersAMR-6.2.so.6.2.0 /usr/lib/x86_64-linux-gnu/libvtkIOLSDyna-6.2.so.6.2.0 /usr/lib/x86_64-linux-gnu/libvtkxdmf2-6.2.so.6.2.0 /usr/lib/x86_64-linux-gnu/hdf5/serial/lib/libhdf5.so -lpthread /usr/lib/x86_64-linux-gnu/libsz.so /usr/lib/x86_64-linux-gnu/libdl.so -lm /usr/lib/x86_64-linux-gnu/hdf5/serial/lib/libhdf5_hl.so /usr/lib/x86_64-linux-gnu/libxml2.so /usr/lib/x86_64-linux-gnu/libvtkverdict-6.2.so.6.2.0 /usr/lib/x86_64-linux-gnu/libvtkFiltersParallel-6.2.so.6.2.0 /usr/lib/x86_64-linux-gnu/libvtkRenderingOpenGL-6.2.so.6.2.0 /usr/lib/x86_64-linux-gnu/libGLU.so /usr/lib/x86_64-linux-gnu/libSM.so /usr/lib/x86_64-linux-gnu/libICE.so /usr/lib/x86_64-linux-gnu/libX11.so /usr/lib/x86_64-linux-gnu/libXext.so /usr/lib/x86_64-linux-gnu/libXt.so /usr/lib/x86_64-linux-gnu/libvtkIOSQL-6.2.so.6.2.0 /usr/lib/x86_64-linux-gnu/libpython2.7.so /usr/lib/x86_64-linux-gnu/libvtkParallelMPI-6.2.so.6.2.0 /usr/lib/x86_64-linux-gnu/libvtkParallelCore-6.2.so.6.2.0 /usr/lib/x86_64-linux-gnu/libvtkIOLegacy-6.2.so.6.2.0 /usr/lib/x86_64-linux-gnu/libvtkGeovisCore-6.2.so.6.2.0 /usr/lib/x86_64-linux-gnu/libvtkIOXML-6.2.so.6.2.0 /usr/lib/x86_64-linux-gnu/libvtkIOGeometry-6.2.so.6.2.0 /usr/lib/x86_64-linux-gnu/libvtkIOXMLParser-6.2.so.6.2.0 /usr/lib/x86_64-linux-gnu/libproj.so /usr/lib/x86_64-linux-gnu/libvtkViewsInfovis-6.2.so.6.2.0 /usr/lib/x86_64-linux-gnu/libvtkInfovisLayout-6.2.so.6.2.0 /usr/lib/x86_64-linux-gnu/libvtkViewsCore-6.2.so.6.2.0 /usr/lib/x86_64-linux-gnu/libvtkInteractionWidgets-6.2.so.6.2.0 /usr/lib/x86_64-linux-gnu/libvtkFiltersModeling-6.2.so.6.2.0 /usr/lib/x86_64-linux-gnu/libvtkImagingHybrid-6.2.so.6.2.0 /usr/lib/x86_64-linux-gnu/libvtkIOImage-6.2.so.6.2.0 /usr/lib/x86_64-linux-gnu/libvtkIOCore-6.2.so.6.2.0 /usr/lib/x86_64-linux-gnu/libvtkDICOMParser-6.2.so.6.2.0 /usr/lib/x86_64-linux-gnu/libvtkmetaio-6.2.so.6.2.0 /usr/lib/x86_64-linux-gnu/libz.so /usr/lib/x86_64-linux-gnu/libvtkInteractionStyle-6.2.so.6.2.0 /usr/lib/x86_64-linux-gnu/libvtkFiltersHybrid-6.2.so.6.2.0 /usr/lib/x86_64-linux-gnu/libvtkRenderingAnnotation-6.2.so.6.2.0 /usr/lib/x86_64-linux-gnu/libvtkImagingColor-6.2.so.6.2.0 /usr/lib/x86_64-linux-gnu/libvtkRenderingVolume-6.2.so.6.2.0 /usr/lib/x86_64-linux-gnu/libvtkRenderingLabel-6.2.so.6.2.0 /usr/lib/x86_64-linux-gnu/libvtkChartsCore-6.2.so.6.2.0 /usr/lib/x86_64-linux-gnu/libvtkInfovisCore-6.2.so.6.2.0 /usr/lib/x86_64-linux-gnu/libvtkRenderingContext2D-6.2.so.6.2.0 /usr/lib/x86_64-linux-gnu/libvtkRenderingFreeType-6.2.so.6.2.0 /usr/lib/x86_64-linux-gnu/libvtkRenderingCore-6.2.so.6.2.0 /usr/lib/x86_64-linux-gnu/libvtkFiltersGeometry-6.2.so.6.2.0 /usr/lib/x86_64-linux-gnu/libvtkCommonColor-6.2.so.6.2.0 /usr/lib/x86_64-linux-gnu/libvtkFiltersExtraction-6.2.so.6.2.0 /usr/lib/x86_64-linux-gnu/libvtkftgl-6.2.so.6.2.0 /usr/lib/x86_64-linux-gnu/libfreetype.so /usr/lib/x86_64-linux-gnu/libGL.so /usr/lib/x86_64-linux-gnu/libvtkFiltersImaging-6.2.so.6.2.0 /usr/lib/x86_64-linux-gnu/libvtkFiltersStatistics-6.2.so.6.2.0 /usr/lib/x86_64-linux-gnu/libvtkalglib-6.2.so.6.2.0 /usr/lib/x86_64-linux-gnu/libvtkImagingFourier-6.2.so.6.2.0 /usr/lib/x86_64-linux-gnu/libvtkImagingGeneral-6.2.so.6.2.0 /usr/lib/x86_64-linux-gnu/libvtkImagingSources-6.2.so.6.2.0 /usr/lib/x86_64-linux-gnu/libvtkImagingCore-6.2.so.6.2.0 /usr/lib/x86_64-linux-gnu/libvtkFiltersSources-6.2.so.6.2.0 /usr/lib/x86_64-linux-gnu/libvtkFiltersGeneral-6.2.so.6.2.0 /usr/lib/x86_64-linux-gnu/libvtkFiltersCore-6.2.so.6.2.0 /usr/lib/x86_64-linux-gnu/libvtkCommonExecutionModel-6.2.so.6.2.0 /usr/lib/x86_64-linux-gnu/libvtkCommonComputationalGeometry-6.2.so.6.2.0 /usr/lib/x86_64-linux-gnu/libvtkCommonDataModel-6.2.so.6.2.0 /usr/lib/x86_64-linux-gnu/libvtkCommonMisc-6.2.so.6.2.0 /usr/lib/x86_64-linux-gnu/libvtkCommonTransforms-6.2.so.6.2.0 /usr/lib/x86_64-linux-gnu/libvtkCommonMath-6.2.so.6.2.0 /usr/lib/x86_64-linux-gnu/libvtkCommonSystem-6.2.so.6.2.0 /usr/lib/x86_64-linux-gnu/libvtkCommonCore-6.2.so.6.2.0 /usr/lib/x86_64-linux-gnu/libvtksys-6.2.so.6.2.0 -ldl -Wl,-rpath,/usr/lib/x86_64-linux-gnu/hdf5/serial/lib   -L/usr/lib/gcc/x86_64-linux-gnu/5 -L/usr/lib/gcc/x86_64-linux-gnu/5/../../../x86_64-linux-gnu -L/usr/lib/gcc/x86_64-linux-gnu/5/../../../../lib -L/lib/x86_64-linux-gnu -L/lib/../lib -L/usr/lib/x86_64-linux-gnu -L/usr/lib/../lib -L/usr/lib/gcc/x86_64-linux-gnu/5/../../.. -lgfortran -lm -lquadmath -L/usr/lib/gcc/x86_64-linux-gnu/5 -L/usr/lib/gcc/x86_64-linux-gnu/5/../../../x86_64-linux-gnu -L/usr/lib/gcc/x86_64-linux-gnu/5/../../../../lib -L/lib/x86_64-linux-gnu -L/lib/../lib -L/usr/lib/x86_64-linux-gnu -L/usr/lib/../lib -L/usr/lib/gcc/x86_64-linux-gnu/5/../../.. -lgfortran -lm -lquadmath >&5
configure:11743: $? = 0
configure:11743: ./conftest
configure:11743: $? = 0
configure:11744: result: -fdefault-real-8
configure:11885: Turning on double 8 byte floating point numbers
configure:12073: creating ./config.status

## ---------------------- ##
## Running config.status. ##
## ---------------------- ##

This file was extended by config.status, which was
generated by GNU Autoconf 2.69.  Invocation command line was

  CONFIG_FILES    = 
  CONFIG_HEADERS  = 
  CONFIG_LINKS    = 
  CONFIG_COMMANDS = 
  $ ./config.status 

on psalinas-XPS

config.status:932: creating Makefile
config.status:932: creating load_balance/Makefile
config.status:932: creating adapt3d/Makefile
config.status:932: creating metric_field/Makefile
config.status:932: creating tests/Makefile
config.status:932: creating include/config.h
config.status:1107: include/config.h is unchanged

## ---------------- ##
## Cache variables. ##
## ---------------- ##

ac_cv_build=x86_64-unknown-linux-gnu
ac_cv_c_compiler_gnu=yes
ac_cv_cxx_compiler_gnu=yes
ac_cv_env_CCC_set=
ac_cv_env_CCC_value=
ac_cv_env_CC_set=
ac_cv_env_CC_value=
ac_cv_env_CFLAGS_set=
ac_cv_env_CFLAGS_value=
ac_cv_env_CPPFLAGS_set=
ac_cv_env_CPPFLAGS_value=
ac_cv_env_CPP_set=
ac_cv_env_CPP_value=
ac_cv_env_CXXCPP_set=
ac_cv_env_CXXCPP_value=
ac_cv_env_CXXFLAGS_set=
ac_cv_env_CXXFLAGS_value=
ac_cv_env_CXX_set=
ac_cv_env_CXX_value=
ac_cv_env_F77_set=set
ac_cv_env_F77_value=gfortran
ac_cv_env_FCFLAGS_set=set
ac_cv_env_FCFLAGS_value='  '
ac_cv_env_FC_set=set
ac_cv_env_FC_value=gfortran
ac_cv_env_FFLAGS_set=set
ac_cv_env_FFLAGS_value='  '
ac_cv_env_LDFLAGS_set=
ac_cv_env_LDFLAGS_value=
ac_cv_env_LIBS_set=set
ac_cv_env_LIBS_value=
ac_cv_env_build_alias_set=
ac_cv_env_build_alias_value=
ac_cv_env_host_alias_set=
ac_cv_env_host_alias_value=
ac_cv_env_target_alias_set=
ac_cv_env_target_alias_value=
ac_cv_f77_compiler_gnu=yes
ac_cv_f77_dummy_main=none
ac_cv_f77_libs=' -L/usr/lib/gcc/x86_64-linux-gnu/5 -L/usr/lib/gcc/x86_64-linux-gnu/5/../../../x86_64-linux-gnu -L/usr/lib/gcc/x86_64-linux-gnu/5/../../../../lib -L/lib/x86_64-linux-gnu -L/lib/../lib -L/usr/lib/x86_64-linux-gnu -L/usr/lib/../lib -L/usr/lib/gcc/x86_64-linux-gnu/5/../../.. -lgfortran -lm -lquadmath'
ac_cv_f77_mangling='lower case, underscore, no extra underscore'
ac_cv_fc_compiler_gnu=yes
ac_cv_fc_libs=' -L/usr/lib/gcc/x86_64-linux-gnu/5 -L/usr/lib/gcc/x86_64-linux-gnu/5/../../../x86_64-linux-gnu -L/usr/lib/gcc/x86_64-linux-gnu/5/../../../../lib -L/lib/x86_64-linux-gnu -L/lib/../lib -L/usr/lib/x86_64-linux-gnu -L/usr/lib/../lib -L/usr/lib/gcc/x86_64-linux-gnu/5/../../.. -lgfortran -lm -lquadmath'
ac_cv_fortran_dummy_main=none
ac_cv_header_inttypes_h=yes
ac_cv_header_iostream=yes
ac_cv_header_memory_h=yes
ac_cv_header_stdc=yes
ac_cv_header_stdint_h=yes
ac_cv_header_stdlib_h=yes
ac_cv_header_string_h=yes
ac_cv_header_strings_h=yes
ac_cv_header_sys_stat_h=yes
ac_cv_header_sys_types_h=yes
ac_cv_header_unistd_h=yes
ac_cv_host=x86_64-unknown-linux-gnu
ac_cv_lib_acml_sgemm=no
ac_cv_lib_blas_sgemm=yes
ac_cv_lib_complib_sgimath_sgemm=no
ac_cv_lib_cxml_sgemm=no
ac_cv_lib_dgemm_dgemm=no
ac_cv_lib_dxml_sgemm=no
ac_cv_lib_essl_sgemm=no
ac_cv_lib_f77blas_sgemm=no
ac_cv_lib_lapack_dsyev=yes
ac_cv_lib_m_main=yes
ac_cv_lib_mkl_em64t_sgemm=no
ac_cv_lib_mkl_ipf_sgemm=no
ac_cv_lib_mkl_lapack_dsyev=no
ac_cv_lib_mkl_lapack_lsame=no
ac_cv_lib_pthread_main=yes
ac_cv_lib_scs_sgemm=no
ac_cv_lib_stdcpp_main=yes
ac_cv_lib_sunperf_dsyev=no
ac_cv_lib_veclib_sgemm=no
ac_cv_objext=o
ac_cv_path_EGREP='/bin/grep -E'
ac_cv_path_GREP=/bin/grep
ac_cv_path_install='/usr/bin/install -c'
ac_cv_prog_AR=ar
ac_cv_prog_CPP='gcc -E'
ac_cv_prog_CXXCPP='g++ -E'
ac_cv_prog_MAKE=make
ac_cv_prog_MPICC=mpicc
ac_cv_prog_MPICXX=mpicxx
ac_cv_prog_MPIF90=mpif90
ac_cv_prog_ac_ct_CC=gcc
ac_cv_prog_ac_ct_CXX=g++
ac_cv_prog_ac_ct_RANLIB=ranlib
ac_cv_prog_cc_c89=
ac_cv_prog_cc_g=yes
ac_cv_prog_cxx_g=yes
ac_cv_prog_f77_g=yes
ac_cv_prog_f77_v=-v
ac_cv_prog_fc_g=yes
ac_cv_prog_fc_v=-v
ac_cv_sizeof_long_int=8

## ----------------- ##
## Output variables. ##
## ----------------- ##

AR='ar'
ARFLAGS='cr'
BLAS_LIBS='-lblas'
CC='mpicc'
CFLAGS='  -O3'
CPP='gcc -E'
CPPFLAGS=' -I/usr/include/vtk-6.2 -I/usr/include -I/usr/include/jsoncpp -I/usr/include/python2.7 -I/usr/include/freetype2 -I/usr/include/x86_64-linux-gnu/freetype2 -I/usr/include/x86_64-linux-gnu -I/usr/include/hdf5/serial -I/usr/lib/openmpi/include/openmpi/opal/mca/event/libevent2021/libevent -I/usr/lib/openmpi/include/openmpi/opal/mca/event/libevent2021/libevent/include -I/usr/lib/openmpi/include -I/usr/lib/openmpi/include/openmpi -I/usr/include/libxml2 -I/usr/include/tcl   -DHAVE_VTK'
CXX='mpicxx'
CXXCPP='g++ -E'
CXXFLAGS='  -O3'
DEFS='-DHAVE_CONFIG_H'
ECHO_C=''
ECHO_N='-n'
ECHO_T=''
EGREP='/bin/grep -E'
EXEEXT=''
F77='mpif90'
FC='mpif90'
FCFLAGS='-ffast-math -frecord-marker=4    -ffree-line-length-none -ffixed-line-length-none  -O3 -fdefault-real-8'
FCLIBS=' -L/usr/lib/gcc/x86_64-linux-gnu/5 -L/usr/lib/gcc/x86_64-linux-gnu/5/../../../x86_64-linux-gnu -L/usr/lib/gcc/x86_64-linux-gnu/5/../../../../lib -L/lib/x86_64-linux-gnu -L/lib/../lib -L/usr/lib/x86_64-linux-gnu -L/usr/lib/../lib -L/usr/lib/gcc/x86_64-linux-gnu/5/../../.. -lgfortran -lm -lquadmath'
FFLAGS='-ffast-math -frecord-marker=4    -ffree-line-length-none -ffixed-line-length-none  -O3 -fdefault-real-8'
FLIBS='-L/usr/lib/gcc/x86_64-linux-gnu/5 -L/usr/lib/gcc/x86_64-linux-gnu/5/../../../x86_64-linux-gnu -L/usr/lib/gcc/x86_64-linux-gnu/5/../../../../lib -L/lib/x86_64-linux-gnu -L/lib/../lib -L/usr/lib/x86_64-linux-gnu -L/usr/lib/../lib -L/usr/lib/gcc/x86_64-linux-gnu/5/../../.. -lgfortran -lm -lquadmath'
FORTRAN_REAL_8='-fdefault-real-8'
GREP='/bin/grep'
INSTALL_DATA='${INSTALL} -m 644'
INSTALL_PROGRAM='${INSTALL}'
INSTALL_SCRIPT='${INSTALL}'
LAPACK_LIBS=' -llapack'
LDFLAGS='  '
LIBOBJS=''
LIBS=' -llapack -lblas -lpthread -lm -lstdc++       /usr/lib/x86_64-linux-gnu/libz.so /usr/lib/x86_64-linux-gnu/libjsoncpp.so /usr/lib/x86_64-linux-gnu/libexpat.so -lsqlite3 /usr/lib/x86_64-linux-gnu/libvtkRenderingMatplotlib-6.2.so.6.2.0 /usr/lib/x86_64-linux-gnu/libvtkPythonInterpreter-6.2.so.6.2.0 /usr/lib/x86_64-linux-gnu/libpython2.7.so /usr/lib/x86_64-linux-gnu/libfreetype.so /usr/lib/libvtkWrappingTools-6.2.a /usr/lib/x86_64-linux-gnu/libjpeg.so /usr/lib/x86_64-linux-gnu/libpng.so /usr/lib/x86_64-linux-gnu/libtiff.so /usr/lib/x86_64-linux-gnu/libproj.so /usr/lib/x86_64-linux-gnu/libvtkInteractionImage-6.2.so.6.2.0 /usr/lib/x86_64-linux-gnu/libvtkRenderingImage-6.2.so.6.2.0 /usr/lib/x86_64-linux-gnu/libvtkIOParallel-6.2.so.6.2.0 /usr/lib/x86_64-linux-gnu/libvtkIONetCDF-6.2.so.6.2.0 /usr/lib/x86_64-linux-gnu/libnetcdf_c++.so /usr/lib/x86_64-linux-gnu/libnetcdf.so /usr/lib/x86_64-linux-gnu/hdf5/serial/lib/libhdf5.so -lpthread /usr/lib/x86_64-linux-gnu/libsz.so /usr/lib/x86_64-linux-gnu/libdl.so -lm /usr/lib/x86_64-linux-gnu/hdf5/serial/lib/libhdf5_hl.so /usr/lib/x86_64-linux-gnu/libvtkRenderingParallelLIC-6.2.so.6.2.0 /usr/lib/x86_64-linux-gnu/libvtkRenderingLIC-6.2.so.6.2.0 /usr/lib/x86_64-linux-gnu/libvtkRenderingFreeTypeOpenGL-6.2.so.6.2.0 /usr/lib/x86_64-linux-gnu/libvtkIOParallelXML-6.2.so.6.2.0 /usr/lib/x86_64-linux-gnu/libtheoraenc.so /usr/lib/x86_64-linux-gnu/libtheoradec.so /usr/lib/x86_64-linux-gnu/libogg.so /usr/lib/x86_64-linux-gnu/libvtkIOImport-6.2.so.6.2.0 /usr/lib/x86_64-linux-gnu/libvtkIOODBC-6.2.so.6.2.0 /usr/lib/x86_64-linux-gnu/libvtkIOInfovis-6.2.so.6.2.0 /usr/lib/x86_64-linux-gnu/libxml2.so /usr/lib/x86_64-linux-gnu/libvtkFiltersHyperTree-6.2.so.6.2.0 /usr/lib/x86_64-linux-gnu/libvtkFiltersParallelFlowPaths-6.2.so.6.2.0 /usr/lib/x86_64-linux-gnu/libvtkIOVPIC-6.2.so.6.2.0 /usr/lib/x86_64-linux-gnu/libvtkVPIC-6.2.so.6.2.0 /usr/lib/x86_64-linux-gnu/libvtkIOExport-6.2.so.6.2.0 /usr/lib/x86_64-linux-gnu/libvtkRenderingGL2PS-6.2.so.6.2.0 /usr/lib/x86_64-linux-gnu/libvtkRenderingContextOpenGL-6.2.so.6.2.0 /usr/lib/libgl2ps.so /usr/lib/x86_64-linux-gnu/libvtkIOFFMPEG-6.2.so.6.2.0 /usr/lib/x86_64-linux-gnu/libvtkIOMovie-6.2.so.6.2.0 /usr/lib/x86_64-linux-gnu/libvtkFiltersReebGraph-6.2.so.6.2.0 /usr/lib/x86_64-linux-gnu/libvtkRenderingExternal-6.2.so.6.2.0 /usr/lib/x86_64-linux-gnu/libvtkFiltersParallelStatistics-6.2.so.6.2.0 /usr/lib/x86_64-linux-gnu/libvtkFiltersParallelGeometry-6.2.so.6.2.0 /usr/lib/x86_64-linux-gnu/libvtkWrappingJava-6.2.so.6.2.0 /usr/lib/x86_64-linux-gnu/libvtkIOPLY-6.2.so.6.2.0 /usr/lib/x86_64-linux-gnu/libvtkRenderingVolumeOpenGL-6.2.so.6.2.0 /usr/lib/x86_64-linux-gnu/libvtkImagingStatistics-6.2.so.6.2.0 /usr/lib/x86_64-linux-gnu/libvtkTestingGenericBridge-6.2.so.6.2.0 /usr/lib/x86_64-linux-gnu/libvtkIOParallelExodus-6.2.so.6.2.0 /usr/lib/x86_64-linux-gnu/libvtkFiltersSelection-6.2.so.6.2.0 /usr/lib/x86_64-linux-gnu/libvtkIOMPIImage-6.2.so.6.2.0 /usr/lib/x86_64-linux-gnu/libvtkIOEnSight-6.2.so.6.2.0 /usr/lib/x86_64-linux-gnu/libvtkIOGeoJSON-6.2.so.6.2.0 /usr/lib/x86_64-linux-gnu/libvtkFiltersPython-6.2.so.6.2.0 /usr/lib/x86_64-linux-gnu/libvtkFiltersParallelImaging-6.2.so.6.2.0 /usr/lib/x86_64-linux-gnu/libvtkIOParallelNetCDF-6.2.so.6.2.0 /usr/lib/x86_64-linux-gnu/libvtkIOAMR-6.2.so.6.2.0 /usr/lib/x86_64-linux-gnu/libvtkImagingStencil-6.2.so.6.2.0 /usr/lib/x86_64-linux-gnu/libvtkIOMySQL-6.2.so.6.2.0 /usr/lib/x86_64-linux-gnu/libvtkRenderingFreeTypeFontConfig-6.2.so.6.2.0 /usr/lib/x86_64-linux-gnu/libvtkIOGDAL-6.2.so.6.2.0 /usr/lib/x86_64-linux-gnu/libvtkIOVideo-6.2.so.6.2.0 /usr/lib/x86_64-linux-gnu/libvtkLocalExample-6.2.so.6.2.0 /usr/lib/x86_64-linux-gnu/libvtkTestingIOSQL-6.2.so.6.2.0 /usr/lib/x86_64-linux-gnu/libvtkFiltersSMP-6.2.so.6.2.0 /usr/lib/x86_64-linux-gnu/libvtkIOParallelLSDyna-6.2.so.6.2.0 /usr/lib/x86_64-linux-gnu/libvtkFiltersParallelMPI-6.2.so.6.2.0 /usr/lib/x86_64-linux-gnu/libvtkIOXdmf2-6.2.so.6.2.0 /usr/lib/x86_64-linux-gnu/libvtkImagingMath-6.2.so.6.2.0 /usr/lib/x86_64-linux-gnu/libvtkFiltersVerdict-6.2.so.6.2.0 /usr/lib/x86_64-linux-gnu/libvtkFiltersTexture-6.2.so.6.2.0 /usr/lib/x86_64-linux-gnu/libvtkRenderingParallel-6.2.so.6.2.0 /usr/lib/x86_64-linux-gnu/libvtkTestingRendering-6.2.so.6.2.0 /usr/lib/x86_64-linux-gnu/libvtkFiltersProgrammable-6.2.so.6.2.0 /usr/lib/x86_64-linux-gnu/libvtkIOMINC-6.2.so.6.2.0 /usr/lib/x86_64-linux-gnu/libvtkImagingMorphological-6.2.so.6.2.0 /usr/lib/x86_64-linux-gnu/libvtkDomainsChemistry-6.2.so.6.2.0 /usr/lib/x86_64-linux-gnu/libvtkRenderingLOD-6.2.so.6.2.0 /usr/lib/x86_64-linux-gnu/libvtkViewsContext2D-6.2.so.6.2.0 /usr/lib/x86_64-linux-gnu/libvtkInfovisBoostGraphAlgorithms-6.2.so.6.2.0 /usr/lib/x86_64-linux-gnu/libvtkIOPostgreSQL-6.2.so.6.2.0 /usr/lib/x86_64-linux-gnu/libvtkIOMPIParallel-6.2.so.6.2.0 /usr/lib/x86_64-linux-gnu/libvtkParallelMPI4Py-6.2.so.6.2.0 /usr/lib/x86_64-linux-gnu/libvtkViewsGeovis-6.2.so.6.2.0 /usr/lib/x86_64-linux-gnu/libvtkFiltersGeneric-6.2.so.6.2.0 /usr/lib/x86_64-linux-gnu/libvtkFiltersFlowPaths-6.2.so.6.2.0 /usr/lib/x86_64-linux-gnu/libtheoraenc.so /usr/lib/x86_64-linux-gnu/libtheoradec.so /usr/lib/x86_64-linux-gnu/libogg.so /usr/lib/x86_64-linux-gnu/libvtkIOExodus-6.2.so.6.2.0 /usr/lib/x86_64-linux-gnu/libvtkexoIIc-6.2.so.6.2.0 /usr/lib/x86_64-linux-gnu/libnetcdf_c++.so /usr/lib/x86_64-linux-gnu/libnetcdf.so /usr/lib/x86_64-linux-gnu/libvtkWrappingPython27Core-6.2.so.6.2.0 /usr/lib/x86_64-linux-gnu/libvtkFiltersAMR-6.2.so.6.2.0 /usr/lib/x86_64-linux-gnu/libvtkIOLSDyna-6.2.so.6.2.0 /usr/lib/x86_64-linux-gnu/libvtkxdmf2-6.2.so.6.2.0 /usr/lib/x86_64-linux-gnu/hdf5/serial/lib/libhdf5.so -lpthread /usr/lib/x86_64-linux-gnu/libsz.so /usr/lib/x86_64-linux-gnu/libdl.so -lm /usr/lib/x86_64-linux-gnu/hdf5/serial/lib/libhdf5_hl.so /usr/lib/x86_64-linux-gnu/libxml2.so /usr/lib/x86_64-linux-gnu/libvtkverdict-6.2.so.6.2.0 /usr/lib/x86_64-linux-gnu/libvtkFiltersParallel-6.2.so.6.2.0 /usr/lib/x86_64-linux-gnu/libvtkRenderingOpenGL-6.2.so.6.2.0 /usr/lib/x86_64-linux-gnu/libGLU.so /usr/lib/x86_64-linux-gnu/libSM.so /usr/lib/x86_64-linux-gnu/libICE.so /usr/lib/x86_64-linux-gnu/libX11.so /usr/lib/x86_64-linux-gnu/libXext.so /usr/lib/x86_64-linux-gnu/libXt.so /usr/lib/x86_64-linux-gnu/libvtkIOSQL-6.2.so.6.2.0 /usr/lib/x86_64-linux-gnu/libpython2.7.so /usr/lib/x86_64-linux-gnu/libvtkParallelMPI-6.2.so.6.2.0 /usr/lib/x86_64-linux-gnu/libvtkParallelCore-6.2.so.6.2.0 /usr/lib/x86_64-linux-gnu/libvtkIOLegacy-6.2.so.6.2.0 /usr/lib/x86_64-linux-gnu/libvtkGeovisCore-6.2.so.6.2.0 /usr/lib/x86_64-linux-gnu/libvtkIOXML-6.2.so.6.2.0 /usr/lib/x86_64-linux-gnu/libvtkIOGeometry-6.2.so.6.2.0 /usr/lib/x86_64-linux-gnu/libvtkIOXMLParser-6.2.so.6.2.0 /usr/lib/x86_64-linux-gnu/libproj.so /usr/lib/x86_64-linux-gnu/libvtkViewsInfovis-6.2.so.6.2.0 /usr/lib/x86_64-linux-gnu/libvtkInfovisLayout-6.2.so.6.2.0 /usr/lib/x86_64-linux-gnu/libvtkViewsCore-6.2.so.6.2.0 /usr/lib/x86_64-linux-gnu/libvtkInteractionWidgets-6.2.so.6.2.0 /usr/lib/x86_64-linux-gnu/libvtkFiltersModeling-6.2.so.6.2.0 /usr/lib/x86_64-linux-gnu/libvtkImagingHybrid-6.2.so.6.2.0 /usr/lib/x86_64-linux-gnu/libvtkIOImage-6.2.so.6.2.0 /usr/lib/x86_64-linux-gnu/libvtkIOCore-6.2.so.6.2.0 /usr/lib/x86_64-linux-gnu/libvtkDICOMParser-6.2.so.6.2.0 /usr/lib/x86_64-linux-gnu/libvtkmetaio-6.2.so.6.2.0 /usr/lib/x86_64-linux-gnu/libz.so /usr/lib/x86_64-linux-gnu/libvtkInteractionStyle-6.2.so.6.2.0 /usr/lib/x86_64-linux-gnu/libvtkFiltersHybrid-6.2.so.6.2.0 /usr/lib/x86_64-linux-gnu/libvtkRenderingAnnotation-6.2.so.6.2.0 /usr/lib/x86_64-linux-gnu/libvtkImagingColor-6.2.so.6.2.0 /usr/lib/x86_64-linux-gnu/libvtkRenderingVolume-6.2.so.6.2.0 /usr/lib/x86_64-linux-gnu/libvtkRenderingLabel-6.2.so.6.2.0 /usr/lib/x86_64-linux-gnu/libvtkChartsCore-6.2.so.6.2.0 /usr/lib/x86_64-linux-gnu/libvtkInfovisCore-6.2.so.6.2.0 /usr/lib/x86_64-linux-gnu/libvtkRenderingContext2D-6.2.so.6.2.0 /usr/lib/x86_64-linux-gnu/libvtkRenderingFreeType-6.2.so.6.2.0 /usr/lib/x86_64-linux-gnu/libvtkRenderingCore-6.2.so.6.2.0 /usr/lib/x86_64-linux-gnu/libvtkFiltersGeometry-6.2.so.6.2.0 /usr/lib/x86_64-linux-gnu/libvtkCommonColor-6.2.so.6.2.0 /usr/lib/x86_64-linux-gnu/libvtkFiltersExtraction-6.2.so.6.2.0 /usr/lib/x86_64-linux-gnu/libvtkftgl-6.2.so.6.2.0 /usr/lib/x86_64-linux-gnu/libfreetype.so /usr/lib/x86_64-linux-gnu/libGL.so /usr/lib/x86_64-linux-gnu/libvtkFiltersImaging-6.2.so.6.2.0 /usr/lib/x86_64-linux-gnu/libvtkFiltersStatistics-6.2.so.6.2.0 /usr/lib/x86_64-linux-gnu/libvtkalglib-6.2.so.6.2.0 /usr/lib/x86_64-linux-gnu/libvtkImagingFourier-6.2.so.6.2.0 /usr/lib/x86_64-linux-gnu/libvtkImagingGeneral-6.2.so.6.2.0 /usr/lib/x86_64-linux-gnu/libvtkImagingSources-6.2.so.6.2.0 /usr/lib/x86_64-linux-gnu/libvtkImagingCore-6.2.so.6.2.0 /usr/lib/x86_64-linux-gnu/libvtkFiltersSources-6.2.so.6.2.0 /usr/lib/x86_64-linux-gnu/libvtkFiltersGeneral-6.2.so.6.2.0 /usr/lib/x86_64-linux-gnu/libvtkFiltersCore-6.2.so.6.2.0 /usr/lib/x86_64-linux-gnu/libvtkCommonExecutionModel-6.2.so.6.2.0 /usr/lib/x86_64-linux-gnu/libvtkCommonComputationalGeometry-6.2.so.6.2.0 /usr/lib/x86_64-linux-gnu/libvtkCommonDataModel-6.2.so.6.2.0 /usr/lib/x86_64-linux-gnu/libvtkCommonMisc-6.2.so.6.2.0 /usr/lib/x86_64-linux-gnu/libvtkCommonTransforms-6.2.so.6.2.0 /usr/lib/x86_64-linux-gnu/libvtkCommonMath-6.2.so.6.2.0 /usr/lib/x86_64-linux-gnu/libvtkCommonSystem-6.2.so.6.2.0 /usr/lib/x86_64-linux-gnu/libvtkCommonCore-6.2.so.6.2.0 /usr/lib/x86_64-linux-gnu/libvtksys-6.2.so.6.2.0 -ldl -Wl,-rpath,/usr/lib/x86_64-linux-gnu/hdf5/serial/lib   -L/usr/lib/gcc/x86_64-linux-gnu/5 -L/usr/lib/gcc/x86_64-linux-gnu/5/../../../x86_64-linux-gnu -L/usr/lib/gcc/x86_64-linux-gnu/5/../../../../lib -L/lib/x86_64-linux-gnu -L/lib/../lib -L/usr/lib/x86_64-linux-gnu -L/usr/lib/../lib -L/usr/lib/gcc/x86_64-linux-gnu/5/../../.. -lgfortran -lm -lquadmath -L/usr/lib/gcc/x86_64-linux-gnu/5 -L/usr/lib/gcc/x86_64-linux-gnu/5/../../../x86_64-linux-gnu -L/usr/lib/gcc/x86_64-linux-gnu/5/../../../../lib -L/lib/x86_64-linux-gnu -L/lib/../lib -L/usr/lib/x86_64-linux-gnu -L/usr/lib/../lib -L/usr/lib/gcc/x86_64-linux-gnu/5/../../.. -lgfortran -lm -lquadmath -L./lib'
LINKER='mpicxx'
LTLIBOBJS=''
MAKE='make'
MAKE_PARALLEL_OPTION=''
MPICC='mpicc'
MPICXX='mpicxx'
MPIF77='mpif90'
MPIF90='mpif90'
OBJEXT='o'
PACKAGE_BUGREPORT=''
PACKAGE_NAME=''
PACKAGE_STRING=''
PACKAGE_TARNAME=''
PACKAGE_URL=''
PACKAGE_VERSION=''
PATH_SEPARATOR=':'
PROFILING_FLAG=''
RANLIB='ranlib'
SHELL='/bin/bash'
USE_CPP=''
VTK='yes'
ac_ct_CC='gcc'
ac_ct_CXX='g++'
ac_ct_F77=''
ac_ct_FC=''
bindir='${exec_prefix}/bin'
build='x86_64-unknown-linux-gnu'
build_alias=''
build_cpu='x86_64'
build_os='linux-gnu'
build_vendor='unknown'
datadir='${datarootdir}'
datarootdir='${prefix}/share'
docdir='${datarootdir}/doc/${PACKAGE}'
dvidir='${docdir}'
enable_mpi='yes'
exec_prefix='${prefix}'
host='x86_64-unknown-linux-gnu'
host_alias=''
host_cpu='x86_64'
host_os='linux-gnu'
host_vendor='unknown'
htmldir='${docdir}'
includedir='${prefix}/include'
infodir='${datarootdir}/info'
libdir='${exec_prefix}/lib'
libexecdir='${exec_prefix}/libexec'
localedir='${datarootdir}/locale'
localstatedir='${prefix}/var'
mandir='${datarootdir}/man'
oldincludedir='/usr/include'
pdfdir='${docdir}'
prefix='/usr/local'
program_transform_name='s,x,x,'
psdir='${docdir}'
sbindir='${exec_prefix}/sbin'
sharedstatedir='${prefix}/com'
sysconfdir='${prefix}/etc'
target_alias=''

## ----------- ##
## confdefs.h. ##
## ----------- ##

/* confdefs.h */
#define PACKAGE_NAME ""
#define PACKAGE_TARNAME ""
#define PACKAGE_VERSION ""
#define PACKAGE_STRING ""
#define PACKAGE_BUGREPORT ""
#define PACKAGE_URL ""
#define STDC_HEADERS 1
#define HAVE_SYS_TYPES_H 1
#define HAVE_SYS_STAT_H 1
#define HAVE_STDLIB_H 1
#define HAVE_STRING_H 1
#define HAVE_MEMORY_H 1
#define HAVE_STRINGS_H 1
#define HAVE_INTTYPES_H 1
#define HAVE_STDINT_H 1
#define HAVE_UNISTD_H 1
#define SIZEOF_LONG_INT 8
#define LONG_64_BITS 1
#define F77_FUNC(name,NAME) name ## _
#define F77_FUNC_(name,NAME) name ## _
#define HAVE_BLAS 1
#define HAVE_LAPACK 1
#define HAVE_LIBSTDC__ 1
#define HAVE_LIBM 1
#define HAVE_LIBPTHREAD 1
#define USING_GFORTRAN 1
#define NDEBUG 1
#define HAVE_MPI 1
#define HAVE_MPI_CXX 1
#define _MPI_CPP_BINDINGS 1
#define USING_DOUBLE_PRECISION 1

configure: exit 0
